Using pre-set license
Built from '2021.3/staging' branch; Version is '2021.3.29f1 (204d6dc9ae1c) revision 2116973'; Using compiler version '192829333'; Build Type 'Release'
OS: 'Windows 11  (10.0.22621) 64bit CoreSingleLanguage' Language: 'en' Physical Memory: 16167 MB
BatchMode: 1, IsHumanControllingUs: 0, StartBugReporterOnCrash: 0, Is64bit: 1, IsPro: 1

COMMAND LINE ARGUMENTS:
C:\Program Files\Unity\Hub\Editor\2021.3.29f1\Editor\Unity.exe
-adb2
-batchMode
-noUpm
-name
AssetImportWorker2
-projectPath
D:/Work/Quinces/Github/FirstWords/FirstWords
-logFile
Logs/AssetImportWorker2.log
-srvPort
54209
Successfully changed project path to: D:/Work/Quinces/Github/FirstWords/FirstWords
D:/Work/Quinces/Github/FirstWords/FirstWords
[UnityMemory] Configuration Parameters - Can be set up in boot.config
    "memorysetup-bucket-allocator-granularity=16"
    "memorysetup-bucket-allocator-bucket-count=8"
    "memorysetup-bucket-allocator-block-size=33554432"
    "memorysetup-bucket-allocator-block-count=8"
    "memorysetup-main-allocator-block-size=16777216"
    "memorysetup-thread-allocator-block-size=16777216"
    "memorysetup-gfx-main-allocator-block-size=16777216"
    "memorysetup-gfx-thread-allocator-block-size=16777216"
    "memorysetup-cache-allocator-block-size=4194304"
    "memorysetup-typetree-allocator-block-size=2097152"
    "memorysetup-profiler-bucket-allocator-granularity=16"
    "memorysetup-profiler-bucket-allocator-bucket-count=8"
    "memorysetup-profiler-bucket-allocator-block-size=33554432"
    "memorysetup-profiler-bucket-allocator-block-count=8"
    "memorysetup-profiler-allocator-block-size=16777216"
    "memorysetup-profiler-editor-allocator-block-size=1048576"
    "memorysetup-temp-allocator-size-main=16777216"
    "memorysetup-job-temp-allocator-block-size=2097152"
    "memorysetup-job-temp-allocator-block-size-background=1048576"
    "memorysetup-job-temp-allocator-reduction-small-platforms=262144"
    "memorysetup-temp-allocator-size-background-worker=32768"
    "memorysetup-temp-allocator-size-job-worker=262144"
    "memorysetup-temp-allocator-size-preload-manager=33554432"
    "memorysetup-temp-allocator-size-nav-mesh-worker=65536"
    "memorysetup-temp-allocator-size-audio-worker=65536"
    "memorysetup-temp-allocator-size-cloud-worker=32768"
    "memorysetup-temp-allocator-size-gi-baking-worker=262144"
    "memorysetup-temp-allocator-size-gfx=262144"
Player connection [22636] Host "[IP] 192.168.0.105 [Port] 0 [Flags] 2 [Guid] 2380955308 [EditorId] 2380955308 [Version] 1048832 [Id] WindowsEditor(7,Rajesh) [Debug] 1 [PackageName] WindowsEditor [ProjectName] Editor" joined multi-casting on [225.0.0.222:54997]...

Player connection [22636] Host "[IP] 192.168.0.105 [Port] 0 [Flags] 2 [Guid] 2380955308 [EditorId] 2380955308 [Version] 1048832 [Id] WindowsEditor(7,Rajesh) [Debug] 1 [PackageName] WindowsEditor [ProjectName] Editor" joined alternative multi-casting on [225.0.0.222:34997]...

Refreshing native plugins compatible for Editor in 88.74 ms, found 4 plugins.
Preloading 0 native plugins for Editor in 0.00 ms.
Initialize engine version: 2021.3.29f1 (204d6dc9ae1c)
[Subsystems] Discovering subsystems at path C:/Program Files/Unity/Hub/Editor/2021.3.29f1/Editor/Data/Resources/UnitySubsystems
[Subsystems] Discovering subsystems at path D:/Work/Quinces/Github/FirstWords/FirstWords/Assets
GfxDevice: creating device client; threaded=0; jobified=0
Direct3D:
    Version:  Direct3D 11.0 [level 11.1]
    Renderer: Intel(R) Iris(R) Xe Graphics (ID=0x9a49)
    Vendor:   Intel
    VRAM:     8083 MB
    Driver:   30.0.101.1003
Initialize mono
Mono path[0] = 'C:/Program Files/Unity/Hub/Editor/2021.3.29f1/Editor/Data/Managed'
Mono path[1] = 'C:/Program Files/Unity/Hub/Editor/2021.3.29f1/Editor/Data/MonoBleedingEdge/lib/mono/unityjit-win32'
Mono config path = 'C:/Program Files/Unity/Hub/Editor/2021.3.29f1/Editor/Data/MonoBleedingEdge/etc'
Using monoOptions --debugger-agent=transport=dt_socket,embedding=1,server=y,suspend=n,address=127.0.0.1:56004
Begin MonoManager ReloadAssembly
Registering precompiled unity dll's ...
Register platform support module: C:/Program Files/Unity/Hub/Editor/2021.3.29f1/Editor/Data/PlaybackEngines/AndroidPlayer/UnityEditor.Android.Extensions.dll
Register platform support module: C:/Program Files/Unity/Hub/Editor/2021.3.29f1/Editor/Data/PlaybackEngines/WindowsStandaloneSupport/UnityEditor.WindowsStandalone.Extensions.dll
Registered in 0.003840 seconds.
Native extension for WindowsStandalone target not found
Native extension for Android target not found
Android Extension - Scanning For ADB Devices 260 ms
Refreshing native plugins compatible for Editor in 137.88 ms, found 4 plugins.
Preloading 0 native plugins for Editor in 0.00 ms.
Mono: successfully reloaded assembly
- Completed reload, in  0.971 seconds
Domain Reload Profiling:
	ReloadAssembly (971ms)
		BeginReloadAssembly (75ms)
			ExecutionOrderSort (0ms)
			DisableScriptedObjects (0ms)
			BackupInstance (0ms)
			ReleaseScriptingObjects (0ms)
			CreateAndSetChildDomain (1ms)
		EndReloadAssembly (811ms)
			LoadAssemblies (73ms)
			RebuildTransferFunctionScriptingTraits (0ms)
			SetupTypeCache (98ms)
			ReleaseScriptCaches (0ms)
			RebuildScriptCaches (28ms)
			SetupLoadedEditorAssemblies (632ms)
				LogAssemblyErrors (0ms)
				InitializePlatformSupportModulesInManaged (358ms)
				SetLoadedEditorAssemblies (0ms)
				RefreshPlugins (138ms)
				BeforeProcessingInitializeOnLoad (2ms)
				ProcessInitializeOnLoadAttributes (89ms)
				ProcessInitializeOnLoadMethodAttributes (45ms)
				AfterProcessingInitializeOnLoad (0ms)
				EditorAssembliesLoaded (0ms)
			ExecutionOrderSort2 (0ms)
			AwakeInstancesAfterBackupRestoration (0ms)
Platform modules already initialized, skipping
Registering precompiled user dll's ...
Registered in 0.003499 seconds.
Begin MonoManager ReloadAssembly
Symbol file LoadedFromMemory doesn't match image D:\Work\Quinces\Github\FirstWords\FirstWords\Library\PackageCache\com.unity.visualscripting@1.8.0\Editor\VisualScripting.Core\Dependencies\YamlDotNet\Unity.VisualScripting.YamlDotNet.dll
Symbol file LoadedFromMemory doesn't match image D:\Work\Quinces\Github\FirstWords\FirstWords\Library\PackageCache\com.unity.visualscripting@1.8.0\Editor\VisualScripting.Core\Dependencies\DotNetZip\Unity.VisualScripting.IonicZip.dll
Native extension for WindowsStandalone target not found
Native extension for Android target not found
Refreshing native plugins compatible for Editor in 98.65 ms, found 4 plugins.
Preloading 0 native plugins for Editor in 0.00 ms.
Mono: successfully reloaded assembly
- Completed reload, in  6.524 seconds
Domain Reload Profiling:
	ReloadAssembly (6526ms)
		BeginReloadAssembly (115ms)
			ExecutionOrderSort (0ms)
			DisableScriptedObjects (10ms)
			BackupInstance (0ms)
			ReleaseScriptingObjects (0ms)
			CreateAndSetChildDomain (21ms)
		EndReloadAssembly (6292ms)
			LoadAssemblies (4849ms)
			RebuildTransferFunctionScriptingTraits (0ms)
			SetupTypeCache (668ms)
			ReleaseScriptCaches (1ms)
			RebuildScriptCaches (62ms)
			SetupLoadedEditorAssemblies (655ms)
				LogAssemblyErrors (0ms)
				InitializePlatformSupportModulesInManaged (19ms)
				SetLoadedEditorAssemblies (0ms)
				RefreshPlugins (99ms)
				BeforeProcessingInitializeOnLoad (99ms)
				ProcessInitializeOnLoadAttributes (385ms)
				ProcessInitializeOnLoadMethodAttributes (48ms)
				AfterProcessingInitializeOnLoad (5ms)
				EditorAssembliesLoaded (0ms)
			ExecutionOrderSort2 (0ms)
			AwakeInstancesAfterBackupRestoration (6ms)
Platform modules already initialized, skipping
========================================================================
Worker process is ready to serve import requests
Launched and connected shader compiler UnityShaderCompiler.exe after 0.12 seconds
Refreshing native plugins compatible for Editor in 0.83 ms, found 4 plugins.
Preloading 0 native plugins for Editor in 0.00 ms.
Unloading 3839 Unused Serialized files (Serialized files now loaded: 0)
Unloading 35 unused Assets / (46.4 KB). Loaded Objects now: 4302.
Memory consumption went from 152.4 MB to 152.4 MB.
Total: 3.306800 ms (FindLiveObjects: 0.283300 ms CreateObjectMapping: 0.158200 ms MarkObjects: 2.715300 ms  DeleteObjects: 0.148700 ms)

AssetImportParameters requested are different than current active one (requested -> active):
  custom:video-decoder-ogg-theora: a1e56fd34408186e4bbccfd4996cb3dc -> 
  custom:container-muxer-webm: aa71ff27fc2769a1b78a27578f13a17b -> 
  custom:container-demuxer-webm: 4f35f7cbe854078d1ac9338744f61a02 -> 
  custom:video-encoder-webm-vp8: eb34c28f22e8b96e1ab97ce403110664 -> 
  custom:video-codec-MediaFoundation-h265: 746d11721c4dcdbdad8f713fa42b33f4 -> 
  custom:CustomObjectIndexerAttribute: bc11b3a6c3213fcdd17b65e7da85e133 -> 
  custom:audio-encoder-webm-vorbis: bf7c407c2cedff20999df2af8eb42d56 -> 
  custom:framework-win-MediaFoundation: 216162199b28c13a410421893ffa2e32 -> 
  custom:container-demuxer-ogg: 62fdf1f143b41e24485cea50d1cbac27 -> 
  custom:video-decoder-webm-vp8: 9c59270c3fd7afecdb556c50c9e8de78 -> 
  custom:audio-decoder-ogg-vorbis: bf7c407c2cedff20999df2af8eb42d56 -> 
========================================================================
Received Import Request.
  Time since last request: 347111.923651 seconds.
  path: Assets/First Words_V3/First Words/Designs/Birds-page/bg6.jpg
  artifactKey: Guid(c592989557c1c084fa8c67ca3e83e051) Importer(815301076,1909f56bfc062723c751e8b465ee728b)
Start importing Assets/First Words_V3/First Words/Designs/Birds-page/bg6.jpg using Guid(c592989557c1c084fa8c67ca3e83e051) Importer(815301076,1909f56bfc062723c751e8b465ee728b)  -> (artifact id: '42931e1e744a2e74c00f23b93c9b14fb') in 0.295082 seconds 
========================================================================
Received Import Request.
  Time since last request: 0.000034 seconds.
  path: Assets/First Words_V3/First Words/Designs
  artifactKey: Guid(1fd70a4eb31462d40892b2f53691449b) Importer(815301076,1909f56bfc062723c751e8b465ee728b)
Start importing Assets/First Words_V3/First Words/Designs using Guid(1fd70a4eb31462d40892b2f53691449b) Importer(815301076,1909f56bfc062723c751e8b465ee728b)  -> (artifact id: '0d15abd5f736da7fc8dc30704d01d949') in 0.008563 seconds 
========================================================================
Received Import Request.
  Time since last request: 0.000032 seconds.
  path: Assets/First Words_V3/First Words
  artifactKey: Guid(f72a3c877e99e764dac94cf11b0c8d20) Importer(815301076,1909f56bfc062723c751e8b465ee728b)
Start importing Assets/First Words_V3/First Words using Guid(f72a3c877e99e764dac94cf11b0c8d20) Importer(815301076,1909f56bfc062723c751e8b465ee728b)  -> (artifact id: '954a25026c13f6b9c07d84030a65728f') in 0.016132 seconds 
========================================================================
Received Import Request.
  Time since last request: 0.000018 seconds.
  path: Assets/First Words_V3/First Words/Designs/Birds-page
  artifactKey: Guid(af5e978b0a40ed44d84fd8c0b2acc7d7) Importer(815301076,1909f56bfc062723c751e8b465ee728b)
Start importing Assets/First Words_V3/First Words/Designs/Birds-page using Guid(af5e978b0a40ed44d84fd8c0b2acc7d7) Importer(815301076,1909f56bfc062723c751e8b465ee728b)  -> (artifact id: '304d767e4563746f3634638403e859d8') in 0.016395 seconds 
========================================================================
Received Import Request.
  Time since last request: 0.000033 seconds.
  path: Assets/First Words_V3/First Words/Designs/Alphabet-page/bg2.jpg
  artifactKey: Guid(4a2a10d9da97a7644b52ad3f0fb5a999) Importer(815301076,1909f56bfc062723c751e8b465ee728b)
Start importing Assets/First Words_V3/First Words/Designs/Alphabet-page/bg2.jpg using Guid(4a2a10d9da97a7644b52ad3f0fb5a999) Importer(815301076,1909f56bfc062723c751e8b465ee728b)  -> (artifact id: 'cc6668c8b93819c9c1c36b30ba2204e9') in 0.189388 seconds 
========================================================================
Received Import Request.
  Time since last request: 10.228292 seconds.
  path: Assets/First Words_V3/First Words/Audios
  artifactKey: Guid(186351e408a18e842a13321d658485f3) Importer(815301076,1909f56bfc062723c751e8b465ee728b)
Start importing Assets/First Words_V3/First Words/Audios using Guid(186351e408a18e842a13321d658485f3) Importer(815301076,1909f56bfc062723c751e8b465ee728b)  -> (artifact id: 'dd89112abbfe44b613976200ce0e6dfd') in 0.008061 seconds 
========================================================================
Received Import Request.
  Time since last request: 0.916685 seconds.
  path: Assets/First Words_V3/First Words/Assets
  artifactKey: Guid(0dbd1862229c2a8408390f7b565dc559) Importer(815301076,1909f56bfc062723c751e8b465ee728b)
Start importing Assets/First Words_V3/First Words/Assets using Guid(0dbd1862229c2a8408390f7b565dc559) Importer(815301076,1909f56bfc062723c751e8b465ee728b)  -> (artifact id: '90c1c1e54e35c663a3ef78e2ae4a9f70') in 0.007170 seconds 
========================================================================
Received Import Request.
  Time since last request: 2.237561 seconds.
  path: Assets/First Words_V3/First Words/Assets/Birds-300x300
  artifactKey: Guid(030c66bf0758d8c4988c9138edbf25c4) Importer(815301076,1909f56bfc062723c751e8b465ee728b)
Start importing Assets/First Words_V3/First Words/Assets/Birds-300x300 using Guid(030c66bf0758d8c4988c9138edbf25c4) Importer(815301076,1909f56bfc062723c751e8b465ee728b)  -> (artifact id: '0352114ef487706dbef8c2484642e0e2') in 0.007931 seconds 
========================================================================
Received Import Request.
  Time since last request: 0.038149 seconds.
  path: Assets/First Words_V3/First Words/Assets/Birds-300x300/Bat.png
  artifactKey: Guid(f6745352df7884f4483b6f8858bdbe09) Importer(815301076,1909f56bfc062723c751e8b465ee728b)
Start importing Assets/First Words_V3/First Words/Assets/Birds-300x300/Bat.png using Guid(f6745352df7884f4483b6f8858bdbe09) Importer(815301076,1909f56bfc062723c751e8b465ee728b)  -> (artifact id: '930bc5531842246612978299ed02a307') in 0.030222 seconds 
========================================================================
Received Import Request.
  Time since last request: 0.000025 seconds.
  path: Assets/First Words_V3/First Words/Assets/Birds-300x300/eagle.png
  artifactKey: Guid(0713dfea2b3d7864491275ad9cf618be) Importer(815301076,1909f56bfc062723c751e8b465ee728b)
Start importing Assets/First Words_V3/First Words/Assets/Birds-300x300/eagle.png using Guid(0713dfea2b3d7864491275ad9cf618be) Importer(815301076,1909f56bfc062723c751e8b465ee728b)  -> (artifact id: '322095c2d9433f60e2a936e0ee6d1e7d') in 0.028033 seconds 
========================================================================
Received Import Request.
  Time since last request: 0.000030 seconds.
  path: Assets/First Words_V3/First Words/Assets/Birds-300x300/Rooster.png
  artifactKey: Guid(7fcb6f588970b8c45823fd13f6ad4436) Importer(815301076,1909f56bfc062723c751e8b465ee728b)
Start importing Assets/First Words_V3/First Words/Assets/Birds-300x300/Rooster.png using Guid(7fcb6f588970b8c45823fd13f6ad4436) Importer(815301076,1909f56bfc062723c751e8b465ee728b)  -> (artifact id: 'acf1a70b4807a97ca0bc704348c55afb') in 0.031781 seconds 
========================================================================
Received Import Request.
  Time since last request: 0.000028 seconds.
  path: Assets/First Words_V3/First Words/Assets/Birds-300x300/peacock.png
  artifactKey: Guid(69abfa895e8df174788052cc9b2dfe10) Importer(815301076,1909f56bfc062723c751e8b465ee728b)
Start importing Assets/First Words_V3/First Words/Assets/Birds-300x300/peacock.png using Guid(69abfa895e8df174788052cc9b2dfe10) Importer(815301076,1909f56bfc062723c751e8b465ee728b)  -> (artifact id: 'bd996c9d3d4f9c319eec5b999ff8d862') in 0.034897 seconds 
========================================================================
Received Import Request.
  Time since last request: 0.000037 seconds.
  path: Assets/First Words_V3/First Words/Assets/Birds-300x300/vulture2.png
  artifactKey: Guid(eb61ba47b68028b48b63df877f7210f3) Importer(815301076,1909f56bfc062723c751e8b465ee728b)
Start importing Assets/First Words_V3/First Words/Assets/Birds-300x300/vulture2.png using Guid(eb61ba47b68028b48b63df877f7210f3) Importer(815301076,1909f56bfc062723c751e8b465ee728b)  -> (artifact id: '22339bbc9ae7d3451aa9706de393e42f') in 0.029326 seconds 
========================================================================
Received Import Request.
  Time since last request: 0.000044 seconds.
  path: Assets/First Words_V3/First Words/Assets/Birds-300x300/nightingale.png
  artifactKey: Guid(a2250712d6ae72c4db0efe646824daa8) Importer(815301076,1909f56bfc062723c751e8b465ee728b)
Start importing Assets/First Words_V3/First Words/Assets/Birds-300x300/nightingale.png using Guid(a2250712d6ae72c4db0efe646824daa8) Importer(815301076,1909f56bfc062723c751e8b465ee728b)  -> (artifact id: 'ecea62df5041166c2239ab777491453a') in 0.028940 seconds 
========================================================================
Received Import Request.
  Time since last request: 0.000060 seconds.
  path: Assets/First Words_V3/First Words/Assets/Birds-300x300/Hen.png
  artifactKey: Guid(f55253f46247440489371b4951483d5c) Importer(815301076,1909f56bfc062723c751e8b465ee728b)
Start importing Assets/First Words_V3/First Words/Assets/Birds-300x300/Hen.png using Guid(f55253f46247440489371b4951483d5c) Importer(815301076,1909f56bfc062723c751e8b465ee728b)  -> (artifact id: '3ac83e7da0efb140b77544776df1aa24') in 0.031905 seconds 
========================================================================
Received Import Request.
  Time since last request: 0.000028 seconds.
  path: Assets/First Words_V3/First Words/Assets/Birds-300x300/macow.png
  artifactKey: Guid(52fc37712ff75c84ca5b353d1de96afd) Importer(815301076,1909f56bfc062723c751e8b465ee728b)
Start importing Assets/First Words_V3/First Words/Assets/Birds-300x300/macow.png using Guid(52fc37712ff75c84ca5b353d1de96afd) Importer(815301076,1909f56bfc062723c751e8b465ee728b)  -> (artifact id: '5ff52fb913c54483c7e2a8373323fdf2') in 0.028930 seconds 
========================================================================
Received Import Request.
  Time since last request: 0.000031 seconds.
  path: Assets/First Words_V3/First Words/Assets/Birds-300x300/duck.png
  artifactKey: Guid(d0af368d3e6e0bc42ab3184c57a87d42) Importer(815301076,1909f56bfc062723c751e8b465ee728b)
Start importing Assets/First Words_V3/First Words/Assets/Birds-300x300/duck.png using Guid(d0af368d3e6e0bc42ab3184c57a87d42) Importer(815301076,1909f56bfc062723c751e8b465ee728b)  -> (artifact id: '9d8dbcbeae62ff816ecd946d27579754') in 0.032622 seconds 
========================================================================
Received Import Request.
  Time since last request: 45.352237 seconds.
  path: Assets/First Words_V3/First Words/Assets/Alphabets-300x300/F.png
  artifactKey: Guid(29158c1e7a3f71445a2ef5087ee22ab6) Importer(815301076,1909f56bfc062723c751e8b465ee728b)
Start importing Assets/First Words_V3/First Words/Assets/Alphabets-300x300/F.png using Guid(29158c1e7a3f71445a2ef5087ee22ab6) Importer(815301076,1909f56bfc062723c751e8b465ee728b)  -> (artifact id: '1393f4bc6dd33e89b5a32de3a5dbf60f') in 0.027087 seconds 
========================================================================
Received Import Request.
  Time since last request: 0.000018 seconds.
  path: Assets/First Words_V3/First Words/Assets/Alphabets-300x300/J.png
  artifactKey: Guid(27d43a07ef33f3b4c8d2561931d80925) Importer(815301076,1909f56bfc062723c751e8b465ee728b)
Start importing Assets/First Words_V3/First Words/Assets/Alphabets-300x300/J.png using Guid(27d43a07ef33f3b4c8d2561931d80925) Importer(815301076,1909f56bfc062723c751e8b465ee728b)  -> (artifact id: '32240f8596a7537cbfe5e7f3ca1d12b8') in 0.033281 seconds 
========================================================================
Received Import Request.
  Time since last request: 0.000024 seconds.
  path: Assets/First Words_V3/First Words/Assets/Alphabets-300x300/V.png
  artifactKey: Guid(3834502c8dbfdaa4689d5247d92efab4) Importer(815301076,1909f56bfc062723c751e8b465ee728b)
Start importing Assets/First Words_V3/First Words/Assets/Alphabets-300x300/V.png using Guid(3834502c8dbfdaa4689d5247d92efab4) Importer(815301076,1909f56bfc062723c751e8b465ee728b)  -> (artifact id: '2e30a4eddb558e54315e094286f1d2ab') in 0.032572 seconds 
========================================================================
Received Import Request.
  Time since last request: 0.000024 seconds.
  path: Assets/First Words_V3/First Words/Assets/Alphabets-300x300/Y.png
  artifactKey: Guid(26aaade0d2aaea04693c311a09197fb1) Importer(815301076,1909f56bfc062723c751e8b465ee728b)
Start importing Assets/First Words_V3/First Words/Assets/Alphabets-300x300/Y.png using Guid(26aaade0d2aaea04693c311a09197fb1) Importer(815301076,1909f56bfc062723c751e8b465ee728b)  -> (artifact id: 'c5bcaee87191b6e594fbf408727b0082') in 0.029010 seconds 
========================================================================
Received Import Request.
  Time since last request: 0.000037 seconds.
  path: Assets/First Words_V3/First Words/Assets/Alphabets-300x300/H.png
  artifactKey: Guid(ff0777e60de5c934a8e13a213a9bccab) Importer(815301076,1909f56bfc062723c751e8b465ee728b)
Start importing Assets/First Words_V3/First Words/Assets/Alphabets-300x300/H.png using Guid(ff0777e60de5c934a8e13a213a9bccab) Importer(815301076,1909f56bfc062723c751e8b465ee728b)  -> (artifact id: 'e13d837aa358f7c78acec92cd76339e6') in 0.028245 seconds 
========================================================================
Received Import Request.
  Time since last request: 0.000045 seconds.
  path: Assets/First Words_V3/First Words/Assets/Alphabets-300x300/P.png
  artifactKey: Guid(c2e722ce94e83ab4ca1aca6b2c854d34) Importer(815301076,1909f56bfc062723c751e8b465ee728b)
Start importing Assets/First Words_V3/First Words/Assets/Alphabets-300x300/P.png using Guid(c2e722ce94e83ab4ca1aca6b2c854d34) Importer(815301076,1909f56bfc062723c751e8b465ee728b)  -> (artifact id: '47c39630a60563da738d108b30c7c059') in 0.029227 seconds 
========================================================================
Received Import Request.
  Time since last request: 0.000030 seconds.
  path: Assets/First Words_V3/First Words/Assets/Alphabets-300x300/Q.png
  artifactKey: Guid(cf7ab3b6c4741e741a576f5c61872f34) Importer(815301076,1909f56bfc062723c751e8b465ee728b)
Start importing Assets/First Words_V3/First Words/Assets/Alphabets-300x300/Q.png using Guid(cf7ab3b6c4741e741a576f5c61872f34) Importer(815301076,1909f56bfc062723c751e8b465ee728b)  -> (artifact id: 'fb181364b5bcbf8149f93f56b31b3d3a') in 0.028733 seconds 
========================================================================
Received Import Request.
  Time since last request: 0.000021 seconds.
  path: Assets/First Words_V3/First Words/Assets/Alphabets-300x300/S.png
  artifactKey: Guid(3afa60615b816ef46b5cbb5964a3ce5b) Importer(815301076,1909f56bfc062723c751e8b465ee728b)
Start importing Assets/First Words_V3/First Words/Assets/Alphabets-300x300/S.png using Guid(3afa60615b816ef46b5cbb5964a3ce5b) Importer(815301076,1909f56bfc062723c751e8b465ee728b)  -> (artifact id: '44ecb81fe1d2aeb31d3d629a80d12362') in 0.030420 seconds 
========================================================================
Received Import Request.
  Time since last request: 0.000028 seconds.
  path: Assets/First Words_V3/First Words/Assets/Alphabets-300x300/X.png
  artifactKey: Guid(5ba4d8a587bd71a42ab795d125c6aad8) Importer(815301076,1909f56bfc062723c751e8b465ee728b)
Start importing Assets/First Words_V3/First Words/Assets/Alphabets-300x300/X.png using Guid(5ba4d8a587bd71a42ab795d125c6aad8) Importer(815301076,1909f56bfc062723c751e8b465ee728b)  -> (artifact id: '5384bb093175b9ec6206ce3a673b2a45') in 0.027137 seconds 
========================================================================
Received Import Request.
  Time since last request: 0.000024 seconds.
  path: Assets/First Words_V3/First Words/Assets/Alphabets-300x300/O.png
  artifactKey: Guid(8110ad3d5c997504c9a5572eb26ac63b) Importer(815301076,1909f56bfc062723c751e8b465ee728b)
Start importing Assets/First Words_V3/First Words/Assets/Alphabets-300x300/O.png using Guid(8110ad3d5c997504c9a5572eb26ac63b) Importer(815301076,1909f56bfc062723c751e8b465ee728b)  -> (artifact id: '21b5661a4b44d7afeda9c023e719e74a') in 0.030354 seconds 
========================================================================
Received Import Request.
  Time since last request: 0.659669 seconds.
  path: Assets/First Words_V3/First Words/Assets/Alphabets-300x300/A.png
  artifactKey: Guid(a0e65011ed21a4645b02f61d665285ef) Importer(815301076,1909f56bfc062723c751e8b465ee728b)
Start importing Assets/First Words_V3/First Words/Assets/Alphabets-300x300/A.png using Guid(a0e65011ed21a4645b02f61d665285ef) Importer(815301076,1909f56bfc062723c751e8b465ee728b)  -> (artifact id: 'faf10c7e6f355a90e584d93f3874863c') in 0.031227 seconds 
========================================================================
Received Import Request.
  Time since last request: 0.000024 seconds.
  path: Assets/First Words_V3/First Words/Assets/Alphabets-300x300/C.png
  artifactKey: Guid(4e7e864e329598644bf695dc599657a6) Importer(815301076,1909f56bfc062723c751e8b465ee728b)
Start importing Assets/First Words_V3/First Words/Assets/Alphabets-300x300/C.png using Guid(4e7e864e329598644bf695dc599657a6) Importer(815301076,1909f56bfc062723c751e8b465ee728b)  -> (artifact id: 'bf2c2a4f25d588f68d3d5b63f9213565') in 0.032257 seconds 
========================================================================
Received Import Request.
  Time since last request: 0.000038 seconds.
  path: Assets/First Words_V3/First Words/Assets/Alphabets-300x300/D.png
  artifactKey: Guid(9ba4db1e1daed7442b705c4fd3a78f9d) Importer(815301076,1909f56bfc062723c751e8b465ee728b)
Start importing Assets/First Words_V3/First Words/Assets/Alphabets-300x300/D.png using Guid(9ba4db1e1daed7442b705c4fd3a78f9d) Importer(815301076,1909f56bfc062723c751e8b465ee728b)  -> (artifact id: '14582218601a1131c30036c636533fb6') in 0.029467 seconds 
========================================================================
Received Prepare
Registering precompiled user dll's ...
Registered in 0.003488 seconds.
Begin MonoManager ReloadAssembly
Symbol file LoadedFromMemory doesn't match image D:\Work\Quinces\Github\FirstWords\FirstWords\Library\PackageCache\com.unity.visualscripting@1.8.0\Editor\VisualScripting.Core\Dependencies\YamlDotNet\Unity.VisualScripting.YamlDotNet.dll
Symbol file LoadedFromMemory doesn't match image D:\Work\Quinces\Github\FirstWords\FirstWords\Library\PackageCache\com.unity.visualscripting@1.8.0\Editor\VisualScripting.Core\Dependencies\DotNetZip\Unity.VisualScripting.IonicZip.dll
Native extension for WindowsStandalone target not found
Native extension for Android target not found
Refreshing native plugins compatible for Editor in 0.97 ms, found 4 plugins.
Preloading 0 native plugins for Editor in 0.00 ms.
Mono: successfully reloaded assembly
- Completed reload, in  1.575 seconds
Domain Reload Profiling:
	ReloadAssembly (1576ms)
		BeginReloadAssembly (225ms)
			ExecutionOrderSort (0ms)
			DisableScriptedObjects (13ms)
			BackupInstance (0ms)
			ReleaseScriptingObjects (0ms)
			CreateAndSetChildDomain (57ms)
		EndReloadAssembly (1186ms)
			LoadAssemblies (150ms)
			RebuildTransferFunctionScriptingTraits (0ms)
			SetupTypeCache (382ms)
			ReleaseScriptCaches (2ms)
			RebuildScriptCaches (78ms)
			SetupLoadedEditorAssemblies (523ms)
				LogAssemblyErrors (0ms)
				InitializePlatformSupportModulesInManaged (30ms)
				SetLoadedEditorAssemblies (1ms)
				RefreshPlugins (1ms)
				BeforeProcessingInitializeOnLoad (113ms)
				ProcessInitializeOnLoadAttributes (299ms)
				ProcessInitializeOnLoadMethodAttributes (67ms)
				AfterProcessingInitializeOnLoad (12ms)
				EditorAssembliesLoaded (0ms)
			ExecutionOrderSort2 (0ms)
			AwakeInstancesAfterBackupRestoration (9ms)
Platform modules already initialized, skipping
Refreshing native plugins compatible for Editor in 2.38 ms, found 4 plugins.
Preloading 0 native plugins for Editor in 0.00 ms.
Unloading 3814 Unused Serialized files (Serialized files now loaded: 0)
Unloading 22 unused Assets / (22.0 KB). Loaded Objects now: 4314.
Memory consumption went from 149.6 MB to 149.6 MB.
Total: 4.256200 ms (FindLiveObjects: 0.538400 ms CreateObjectMapping: 0.477100 ms MarkObjects: 3.207800 ms  DeleteObjects: 0.031600 ms)

AssetImportParameters requested are different than current active one (requested -> active):
  custom:video-decoder-ogg-theora: a1e56fd34408186e4bbccfd4996cb3dc -> 
  custom:container-muxer-webm: aa71ff27fc2769a1b78a27578f13a17b -> 
  custom:container-demuxer-webm: 4f35f7cbe854078d1ac9338744f61a02 -> 
  custom:video-encoder-webm-vp8: eb34c28f22e8b96e1ab97ce403110664 -> 
  custom:video-codec-MediaFoundation-h265: 746d11721c4dcdbdad8f713fa42b33f4 -> 
  custom:CustomObjectIndexerAttribute: bc11b3a6c3213fcdd17b65e7da85e133 -> 
  custom:audio-encoder-webm-vorbis: bf7c407c2cedff20999df2af8eb42d56 -> 
  custom:framework-win-MediaFoundation: 216162199b28c13a410421893ffa2e32 -> 
  custom:container-demuxer-ogg: 62fdf1f143b41e24485cea50d1cbac27 -> 
  custom:video-decoder-webm-vp8: 9c59270c3fd7afecdb556c50c9e8de78 -> 
  custom:audio-decoder-ogg-vorbis: bf7c407c2cedff20999df2af8eb42d56 -> 
========================================================================
Received Import Request.
  Time since last request: 565.875681 seconds.
  path: Assets/ScriptableObjects/Birds/Bat.asset
  artifactKey: Guid(70c187747ec626c4c93c92cb2ebc8553) Importer(815301076,1909f56bfc062723c751e8b465ee728b)
Start importing Assets/ScriptableObjects/Birds/Bat.asset using Guid(70c187747ec626c4c93c92cb2ebc8553) Importer(815301076,1909f56bfc062723c751e8b465ee728b)  -> (artifact id: 'b1051d9434d3f35e401b45bbcc86854d') in 0.029744 seconds 
========================================================================
Received Import Request.
  Time since last request: 13.785902 seconds.
  path: Assets/ScriptableObjects/Birds/Bat.asset
  artifactKey: Guid(70c187747ec626c4c93c92cb2ebc8553) Importer(815301076,1909f56bfc062723c751e8b465ee728b)
Start importing Assets/ScriptableObjects/Birds/Bat.asset using Guid(70c187747ec626c4c93c92cb2ebc8553) Importer(815301076,1909f56bfc062723c751e8b465ee728b)  -> (artifact id: '4a25342a38091d9716964cb75cb9c780') in 0.002512 seconds 
========================================================================
Received Import Request.
  Time since last request: 16.170219 seconds.
  path: Assets/ScriptableObjects/Birds/Crane.asset
  artifactKey: Guid(34b259fb2c711624aa87be7cc80c3834) Importer(815301076,1909f56bfc062723c751e8b465ee728b)
Start importing Assets/ScriptableObjects/Birds/Crane.asset using Guid(34b259fb2c711624aa87be7cc80c3834) Importer(815301076,1909f56bfc062723c751e8b465ee728b)  -> (artifact id: 'da672430957dfc46aac14374494841a7') in 0.008375 seconds 
========================================================================
Received Import Request.
  Time since last request: 17.018641 seconds.
  path: Assets/ScriptableObjects/Birds/Crane.asset
  artifactKey: Guid(34b259fb2c711624aa87be7cc80c3834) Importer(815301076,1909f56bfc062723c751e8b465ee728b)
Start importing Assets/ScriptableObjects/Birds/Crane.asset using Guid(34b259fb2c711624aa87be7cc80c3834) Importer(815301076,1909f56bfc062723c751e8b465ee728b)  -> (artifact id: '49d598090163055bb1b317a80ee7af65') in 0.002332 seconds 
========================================================================
Received Import Request.
  Time since last request: 44.045761 seconds.
  path: Assets/ScriptableObjects/Birds/Hen.asset
  artifactKey: Guid(df8208eded1089441b1978812fe4aa3b) Importer(815301076,1909f56bfc062723c751e8b465ee728b)
Start importing Assets/ScriptableObjects/Birds/Hen.asset using Guid(df8208eded1089441b1978812fe4aa3b) Importer(815301076,1909f56bfc062723c751e8b465ee728b)  -> (artifact id: '719eca48d8c14938cbfd6664909b12da') in 0.008233 seconds 
========================================================================
Received Import Request.
  Time since last request: 16.333771 seconds.
  path: Assets/ScriptableObjects/Birds/Hen.asset
  artifactKey: Guid(df8208eded1089441b1978812fe4aa3b) Importer(815301076,1909f56bfc062723c751e8b465ee728b)
Start importing Assets/ScriptableObjects/Birds/Hen.asset using Guid(df8208eded1089441b1978812fe4aa3b) Importer(815301076,1909f56bfc062723c751e8b465ee728b)  -> (artifact id: '217c0ea75f97007938ffd296773e954c') in 0.001873 seconds 
========================================================================
Received Import Request.
  Time since last request: 17.964474 seconds.
  path: Assets/ScriptableObjects/Birds/Humming-Bird.asset
  artifactKey: Guid(2da86434f63fa6144a629aef10567de0) Importer(815301076,1909f56bfc062723c751e8b465ee728b)
Start importing Assets/ScriptableObjects/Birds/Humming-Bird.asset using Guid(2da86434f63fa6144a629aef10567de0) Importer(815301076,1909f56bfc062723c751e8b465ee728b)  -> (artifact id: '098d20ca0a8832625aa3a1e69a9238cf') in 0.008488 seconds 
========================================================================
Received Import Request.
  Time since last request: 16.617844 seconds.
  path: Assets/ScriptableObjects/Birds/Humming-Bird.asset
  artifactKey: Guid(2da86434f63fa6144a629aef10567de0) Importer(815301076,1909f56bfc062723c751e8b465ee728b)
Start importing Assets/ScriptableObjects/Birds/Humming-Bird.asset using Guid(2da86434f63fa6144a629aef10567de0) Importer(815301076,1909f56bfc062723c751e8b465ee728b)  -> (artifact id: '674d47419acf366207b7d2c883e2f418') in 0.002229 seconds 
========================================================================
Received Import Request.
  Time since last request: 50.365021 seconds.
  path: Assets/ScriptableObjects/Birds/Nightingale.asset
  artifactKey: Guid(154712627df93b24aaa57f504917b04e) Importer(815301076,1909f56bfc062723c751e8b465ee728b)
Start importing Assets/ScriptableObjects/Birds/Nightingale.asset using Guid(154712627df93b24aaa57f504917b04e) Importer(815301076,1909f56bfc062723c751e8b465ee728b)  -> (artifact id: '3eb43b0e4d074d7c7a659232bab404ca') in 0.008356 seconds 
========================================================================
Received Import Request.
  Time since last request: 31.208489 seconds.
  path: Assets/ScriptableObjects/Birds/Nightingale.asset
  artifactKey: Guid(154712627df93b24aaa57f504917b04e) Importer(815301076,1909f56bfc062723c751e8b465ee728b)
Start importing Assets/ScriptableObjects/Birds/Nightingale.asset using Guid(154712627df93b24aaa57f504917b04e) Importer(815301076,1909f56bfc062723c751e8b465ee728b)  -> (artifact id: '83c9c0f8b74091325042c08098dd16b9') in 0.002423 seconds 
========================================================================
Received Import Request.
  Time since last request: 34.275511 seconds.
  path: Assets/ScriptableObjects/Birds/Ostrich.asset
  artifactKey: Guid(73c4b226a078b214384217ec37b09193) Importer(815301076,1909f56bfc062723c751e8b465ee728b)
Start importing Assets/ScriptableObjects/Birds/Ostrich.asset using Guid(73c4b226a078b214384217ec37b09193) Importer(815301076,1909f56bfc062723c751e8b465ee728b)  -> (artifact id: '1580d5b9a4512c1db88a420ddb2e7546') in 0.014100 seconds 
========================================================================
Received Import Request.
  Time since last request: 6.846629 seconds.
  path: Assets/ScriptableObjects/Birds/Ostrich.asset
  artifactKey: Guid(73c4b226a078b214384217ec37b09193) Importer(815301076,1909f56bfc062723c751e8b465ee728b)
Start importing Assets/ScriptableObjects/Birds/Ostrich.asset using Guid(73c4b226a078b214384217ec37b09193) Importer(815301076,1909f56bfc062723c751e8b465ee728b)  -> (artifact id: 'a4057f56b00cfeb4c94160c6cf08f50f') in 0.002150 seconds 
========================================================================
Received Import Request.
  Time since last request: 17.029961 seconds.
  path: Assets/ScriptableObjects/Birds/Ostrich.asset
  artifactKey: Guid(73c4b226a078b214384217ec37b09193) Importer(815301076,1909f56bfc062723c751e8b465ee728b)
Start importing Assets/ScriptableObjects/Birds/Ostrich.asset using Guid(73c4b226a078b214384217ec37b09193) Importer(815301076,1909f56bfc062723c751e8b465ee728b)  -> (artifact id: '523dde3b8b226f6231b945b105c067a5') in 0.002198 seconds 
========================================================================
Received Import Request.
  Time since last request: 27.033072 seconds.
  path: Assets/ScriptableObjects/Birds/Parrot.asset
  artifactKey: Guid(80cafd7df0e16ef4db731b82a0d78e50) Importer(815301076,1909f56bfc062723c751e8b465ee728b)
Start importing Assets/ScriptableObjects/Birds/Parrot.asset using Guid(80cafd7df0e16ef4db731b82a0d78e50) Importer(815301076,1909f56bfc062723c751e8b465ee728b)  -> (artifact id: '633f80b945c602073fe033eb06957d54') in 0.014637 seconds 
========================================================================
Received Import Request.
  Time since last request: 16.352571 seconds.
  path: Assets/ScriptableObjects/Birds/Parrot.asset
  artifactKey: Guid(80cafd7df0e16ef4db731b82a0d78e50) Importer(815301076,1909f56bfc062723c751e8b465ee728b)
Start importing Assets/ScriptableObjects/Birds/Parrot.asset using Guid(80cafd7df0e16ef4db731b82a0d78e50) Importer(815301076,1909f56bfc062723c751e8b465ee728b)  -> (artifact id: '9ac6b9049829254eceaebf1ac05d9a66') in 0.002220 seconds 
========================================================================
Received Import Request.
  Time since last request: 20.954255 seconds.
  path: Assets/ScriptableObjects/Birds/Rooster.asset
  artifactKey: Guid(169755dcf1590244fa43d56cfde63f74) Importer(815301076,1909f56bfc062723c751e8b465ee728b)
Start importing Assets/ScriptableObjects/Birds/Rooster.asset using Guid(169755dcf1590244fa43d56cfde63f74) Importer(815301076,1909f56bfc062723c751e8b465ee728b)  -> (artifact id: '1cff71e53a2041deaf6c7ccf92397a30') in 0.014380 seconds 
========================================================================
Received Import Request.
  Time since last request: 8.892079 seconds.
  path: Assets/ScriptableObjects/Birds/Rooster.asset
  artifactKey: Guid(169755dcf1590244fa43d56cfde63f74) Importer(815301076,1909f56bfc062723c751e8b465ee728b)
Start importing Assets/ScriptableObjects/Birds/Rooster.asset using Guid(169755dcf1590244fa43d56cfde63f74) Importer(815301076,1909f56bfc062723c751e8b465ee728b)  -> (artifact id: '1ea33035b888568b41cd672ad42ab44e') in 0.002138 seconds 
========================================================================
Received Import Request.
  Time since last request: 10.502365 seconds.
  path: Assets/ScriptableObjects/Birds/Swan.asset
  artifactKey: Guid(1f0a4703a480437409ef649b7430e441) Importer(815301076,1909f56bfc062723c751e8b465ee728b)
Start importing Assets/ScriptableObjects/Birds/Swan.asset using Guid(1f0a4703a480437409ef649b7430e441) Importer(815301076,1909f56bfc062723c751e8b465ee728b)  -> (artifact id: '7562fcb01e876640c1886385a50612cc') in 0.014816 seconds 
========================================================================
Received Import Request.
  Time since last request: 30.385969 seconds.
  path: Assets/ScriptableObjects/Birds/Duck 1.asset
  artifactKey: Guid(863e148965a76f54dbc192b86e278c49) Importer(815301076,1909f56bfc062723c751e8b465ee728b)
Start importing Assets/ScriptableObjects/Birds/Duck 1.asset using Guid(863e148965a76f54dbc192b86e278c49) Importer(815301076,1909f56bfc062723c751e8b465ee728b)  -> (artifact id: '99f31b1c1509f4c9335e217ceb4b228f') in 0.009340 seconds 
========================================================================
Received Import Request.
  Time since last request: 0.000937 seconds.
  path: Assets/ScriptableObjects/Birds/Swan.asset
  artifactKey: Guid(1f0a4703a480437409ef649b7430e441) Importer(815301076,1909f56bfc062723c751e8b465ee728b)
Start importing Assets/ScriptableObjects/Birds/Swan.asset using Guid(1f0a4703a480437409ef649b7430e441) Importer(815301076,1909f56bfc062723c751e8b465ee728b)  -> (artifact id: '86d9ab34b1dadc4d353f45736fe29c07') in 0.002333 seconds 
========================================================================
Received Import Request.
  Time since last request: 3.804853 seconds.
  path: Assets/ScriptableObjects/Birds/Eagle.asset
  artifactKey: Guid(863e148965a76f54dbc192b86e278c49) Importer(815301076,1909f56bfc062723c751e8b465ee728b)
Start importing Assets/ScriptableObjects/Birds/Eagle.asset using Guid(863e148965a76f54dbc192b86e278c49) Importer(815301076,1909f56bfc062723c751e8b465ee728b)  -> (artifact id: 'a2ff2e2f8a9357214ec60bcdfafdc041') in 0.008954 seconds 
========================================================================
Received Import Request.
  Time since last request: 62.610606 seconds.
  path: Assets/ScriptableObjects/Birds/Eagle.asset
  artifactKey: Guid(863e148965a76f54dbc192b86e278c49) Importer(815301076,1909f56bfc062723c751e8b465ee728b)
Start importing Assets/ScriptableObjects/Birds/Eagle.asset using Guid(863e148965a76f54dbc192b86e278c49) Importer(815301076,1909f56bfc062723c751e8b465ee728b)  -> (artifact id: 'dcd9daba785cf4629d09a5b56887a7f0') in 0.002409 seconds 
========================================================================
Received Import Request.
  Time since last request: 66.488370 seconds.
  path: Assets/First Words_V3/First Words/Audios/Audios/Birds/Bat.mp3
  artifactKey: Guid(45bb890b15ad7a943aa1c3adce6b34db) Importer(815301076,1909f56bfc062723c751e8b465ee728b)
Start importing Assets/First Words_V3/First Words/Audios/Audios/Birds/Bat.mp3 using Guid(45bb890b15ad7a943aa1c3adce6b34db) Importer(815301076,1909f56bfc062723c751e8b465ee728b)  -> (artifact id: '3a8c2a309bfc51897be1509125911914') in 0.092182 seconds 
========================================================================
Received Import Request.
  Time since last request: 0.000090 seconds.
  path: Assets/First Words_V3/First Words/Audios/Audios/Birds/Penguin.mp3
  artifactKey: Guid(03950dd36a8548c4f930eadbc7df80c2) Importer(815301076,1909f56bfc062723c751e8b465ee728b)
Start importing Assets/First Words_V3/First Words/Audios/Audios/Birds/Penguin.mp3 using Guid(03950dd36a8548c4f930eadbc7df80c2) Importer(815301076,1909f56bfc062723c751e8b465ee728b)  -> (artifact id: 'cd46450ceea89fb5b85c0bbeda0e3387') in 0.013423 seconds 
========================================================================
Received Import Request.
  Time since last request: 0.000025 seconds.
  path: Assets/First Words_V3/First Words/Audios/Audios/Birds/Ostrich.mp3
  artifactKey: Guid(2e2a3dd2219033242bad59e6e39b825b) Importer(815301076,1909f56bfc062723c751e8b465ee728b)
Start importing Assets/First Words_V3/First Words/Audios/Audios/Birds/Ostrich.mp3 using Guid(2e2a3dd2219033242bad59e6e39b825b) Importer(815301076,1909f56bfc062723c751e8b465ee728b)  -> (artifact id: 'b6ad93d36843d94e73c7e270ee3d4a87') in 0.014530 seconds 
========================================================================
Received Import Request.
  Time since last request: 0.000028 seconds.
  path: Assets/First Words_V3/First Words/Audios/Audios/Birds/Peigon.mp3
  artifactKey: Guid(9fbd87c5ccb790241af20879e60649d9) Importer(815301076,1909f56bfc062723c751e8b465ee728b)
Start importing Assets/First Words_V3/First Words/Audios/Audios/Birds/Peigon.mp3 using Guid(9fbd87c5ccb790241af20879e60649d9) Importer(815301076,1909f56bfc062723c751e8b465ee728b)  -> (artifact id: '2850ac44da284a39be5b9359376b61be') in 0.013754 seconds 
========================================================================
Received Import Request.
  Time since last request: 0.000027 seconds.
  path: Assets/First Words_V3/First Words/Audios/Audios/Birds/Rooster.mp3
  artifactKey: Guid(81b8782767740a34fa07545f0e9cc483) Importer(815301076,1909f56bfc062723c751e8b465ee728b)
Start importing Assets/First Words_V3/First Words/Audios/Audios/Birds/Rooster.mp3 using Guid(81b8782767740a34fa07545f0e9cc483) Importer(815301076,1909f56bfc062723c751e8b465ee728b)  -> (artifact id: '6a00f88e149562ba1bcc9ac4ba0f50c6') in 0.015663 seconds 
========================================================================
Received Import Request.
  Time since last request: 0.000033 seconds.
  path: Assets/First Words_V3/First Words/Audios/Audios/Birds/Flamingo.mp3
  artifactKey: Guid(dec31ac8d47d2ba4581c9f03515586b7) Importer(815301076,1909f56bfc062723c751e8b465ee728b)
Start importing Assets/First Words_V3/First Words/Audios/Audios/Birds/Flamingo.mp3 using Guid(dec31ac8d47d2ba4581c9f03515586b7) Importer(815301076,1909f56bfc062723c751e8b465ee728b)  -> (artifact id: '06df1e0ae4e784e56104e32830b438fc') in 0.013982 seconds 
========================================================================
Received Import Request.
  Time since last request: 0.000042 seconds.
  path: Assets/First Words_V3/First Words/Audios/Audios/Birds/Swan.mp3
  artifactKey: Guid(b62fac255cc1b2046b8aed505410774d) Importer(815301076,1909f56bfc062723c751e8b465ee728b)
Start importing Assets/First Words_V3/First Words/Audios/Audios/Birds/Swan.mp3 using Guid(b62fac255cc1b2046b8aed505410774d) Importer(815301076,1909f56bfc062723c751e8b465ee728b)  -> (artifact id: 'f80771ebe04ec4607229e9fa3788b3e8') in 0.015543 seconds 
========================================================================
Received Import Request.
  Time since last request: 0.000034 seconds.
  path: Assets/First Words_V3/First Words/Audios/Audios/Birds/Parrot.mp3
  artifactKey: Guid(a0bf35307652c6e4ea356ac80258f7e8) Importer(815301076,1909f56bfc062723c751e8b465ee728b)
Start importing Assets/First Words_V3/First Words/Audios/Audios/Birds/Parrot.mp3 using Guid(a0bf35307652c6e4ea356ac80258f7e8) Importer(815301076,1909f56bfc062723c751e8b465ee728b)  -> (artifact id: '1bba674f04aa6005f5d56964f95a5ab0') in 0.013743 seconds 
========================================================================
Received Import Request.
  Time since last request: 0.000026 seconds.
  path: Assets/First Words_V3/First Words/Audios/Audios/Birds/Crow.mp3
  artifactKey: Guid(b8476bb77d847a547a60b786b2f7b43f) Importer(815301076,1909f56bfc062723c751e8b465ee728b)
Start importing Assets/First Words_V3/First Words/Audios/Audios/Birds/Crow.mp3 using Guid(b8476bb77d847a547a60b786b2f7b43f) Importer(815301076,1909f56bfc062723c751e8b465ee728b)  -> (artifact id: '69180ba5ac7409f8426cafb6d02f3e89') in 0.015554 seconds 
========================================================================
Received Import Request.
  Time since last request: 0.000021 seconds.
  path: Assets/First Words_V3/First Words/Audios/Audios/Birds/Humming Bird.mp3
  artifactKey: Guid(b35ad9db753d4814098f9942459c16a1) Importer(815301076,1909f56bfc062723c751e8b465ee728b)
Start importing Assets/First Words_V3/First Words/Audios/Audios/Birds/Humming Bird.mp3 using Guid(b35ad9db753d4814098f9942459c16a1) Importer(815301076,1909f56bfc062723c751e8b465ee728b)  -> (artifact id: 'cd703ba906fa22120070ff9bc0d1903c') in 0.013434 seconds 
========================================================================
Received Import Request.
  Time since last request: 82.415169 seconds.
  path: Assets/First Words_V3/First Words/Audios/Audios/Birds/Humming-Bird.mp3
  artifactKey: Guid(b35ad9db753d4814098f9942459c16a1) Importer(815301076,1909f56bfc062723c751e8b465ee728b)
Start importing Assets/First Words_V3/First Words/Audios/Audios/Birds/Humming-Bird.mp3 using Guid(b35ad9db753d4814098f9942459c16a1) Importer(815301076,1909f56bfc062723c751e8b465ee728b)  -> (artifact id: 'be5b955e6f62ffcc3234a6a042b03341') in 0.013334 seconds 
========================================================================
Received Prepare
Registering precompiled user dll's ...
Registered in 0.003114 seconds.
Begin MonoManager ReloadAssembly
Symbol file LoadedFromMemory doesn't match image D:\Work\Quinces\Github\FirstWords\FirstWords\Library\PackageCache\com.unity.visualscripting@1.8.0\Editor\VisualScripting.Core\Dependencies\YamlDotNet\Unity.VisualScripting.YamlDotNet.dll
Symbol file LoadedFromMemory doesn't match image D:\Work\Quinces\Github\FirstWords\FirstWords\Library\PackageCache\com.unity.visualscripting@1.8.0\Editor\VisualScripting.Core\Dependencies\DotNetZip\Unity.VisualScripting.IonicZip.dll
Native extension for WindowsStandalone target not found
Native extension for Android target not found
Refreshing native plugins compatible for Editor in 1.22 ms, found 4 plugins.
Preloading 0 native plugins for Editor in 0.00 ms.
Mono: successfully reloaded assembly
- Completed reload, in  1.000 seconds
Domain Reload Profiling:
	ReloadAssembly (1001ms)
		BeginReloadAssembly (134ms)
			ExecutionOrderSort (0ms)
			DisableScriptedObjects (6ms)
			BackupInstance (0ms)
			ReleaseScriptingObjects (0ms)
			CreateAndSetChildDomain (40ms)
		EndReloadAssembly (780ms)
			LoadAssemblies (86ms)
			RebuildTransferFunctionScriptingTraits (0ms)
			SetupTypeCache (238ms)
			ReleaseScriptCaches (1ms)
			RebuildScriptCaches (47ms)
			SetupLoadedEditorAssemblies (366ms)
				LogAssemblyErrors (0ms)
				InitializePlatformSupportModulesInManaged (26ms)
				SetLoadedEditorAssemblies (0ms)
				RefreshPlugins (1ms)
				BeforeProcessingInitializeOnLoad (67ms)
				ProcessInitializeOnLoadAttributes (205ms)
				ProcessInitializeOnLoadMethodAttributes (59ms)
				AfterProcessingInitializeOnLoad (7ms)
				EditorAssembliesLoaded (0ms)
			ExecutionOrderSort2 (0ms)
			AwakeInstancesAfterBackupRestoration (8ms)
Platform modules already initialized, skipping
Refreshing native plugins compatible for Editor in 2.03 ms, found 4 plugins.
Preloading 0 native plugins for Editor in 0.00 ms.
Unloading 3814 Unused Serialized files (Serialized files now loaded: 0)
Unloading 22 unused Assets / (22.0 KB). Loaded Objects now: 4323.
Memory consumption went from 150.2 MB to 150.1 MB.
Total: 3.335200 ms (FindLiveObjects: 0.398400 ms CreateObjectMapping: 0.477200 ms MarkObjects: 2.433000 ms  DeleteObjects: 0.025500 ms)

AssetImportParameters requested are different than current active one (requested -> active):
  custom:video-decoder-ogg-theora: a1e56fd34408186e4bbccfd4996cb3dc -> 
  custom:container-muxer-webm: aa71ff27fc2769a1b78a27578f13a17b -> 
  custom:container-demuxer-webm: 4f35f7cbe854078d1ac9338744f61a02 -> 
  custom:video-encoder-webm-vp8: eb34c28f22e8b96e1ab97ce403110664 -> 
  custom:video-codec-MediaFoundation-h265: 746d11721c4dcdbdad8f713fa42b33f4 -> 
  custom:CustomObjectIndexerAttribute: bc11b3a6c3213fcdd17b65e7da85e133 -> 
  custom:audio-encoder-webm-vorbis: bf7c407c2cedff20999df2af8eb42d56 -> 
  custom:framework-win-MediaFoundation: 216162199b28c13a410421893ffa2e32 -> 
  custom:container-demuxer-ogg: 62fdf1f143b41e24485cea50d1cbac27 -> 
  custom:video-decoder-webm-vp8: 9c59270c3fd7afecdb556c50c9e8de78 -> 
  custom:audio-decoder-ogg-vorbis: bf7c407c2cedff20999df2af8eb42d56 -> 
========================================================================
Received Import Request.
  Time since last request: 95.660966 seconds.
  path: Assets/First Words_V3/First Words/Audios/Audios/Birds/Pigeon.mp3
  artifactKey: Guid(9fbd87c5ccb790241af20879e60649d9) Importer(815301076,1909f56bfc062723c751e8b465ee728b)
Start importing Assets/First Words_V3/First Words/Audios/Audios/Birds/Pigeon.mp3 using Guid(9fbd87c5ccb790241af20879e60649d9) Importer(815301076,1909f56bfc062723c751e8b465ee728b)  -> (artifact id: 'd49604e0ee4d0f6acd20cbf6ff469662') in 0.047300 seconds 
========================================================================
Received Prepare
Registering precompiled user dll's ...
Registered in 0.003728 seconds.
Begin MonoManager ReloadAssembly
Symbol file LoadedFromMemory doesn't match image D:\Work\Quinces\Github\FirstWords\FirstWords\Library\PackageCache\com.unity.visualscripting@1.8.0\Editor\VisualScripting.Core\Dependencies\YamlDotNet\Unity.VisualScripting.YamlDotNet.dll
Symbol file LoadedFromMemory doesn't match image D:\Work\Quinces\Github\FirstWords\FirstWords\Library\PackageCache\com.unity.visualscripting@1.8.0\Editor\VisualScripting.Core\Dependencies\DotNetZip\Unity.VisualScripting.IonicZip.dll
Native extension for WindowsStandalone target not found
Native extension for Android target not found
Refreshing native plugins compatible for Editor in 1.02 ms, found 4 plugins.
Preloading 0 native plugins for Editor in 0.00 ms.
Mono: successfully reloaded assembly
- Completed reload, in  1.030 seconds
Domain Reload Profiling:
	ReloadAssembly (1031ms)
		BeginReloadAssembly (145ms)
			ExecutionOrderSort (0ms)
			DisableScriptedObjects (6ms)
			BackupInstance (0ms)
			ReleaseScriptingObjects (0ms)
			CreateAndSetChildDomain (40ms)
		EndReloadAssembly (783ms)
			LoadAssemblies (90ms)
			RebuildTransferFunctionScriptingTraits (0ms)
			SetupTypeCache (209ms)
			ReleaseScriptCaches (2ms)
			RebuildScriptCaches (68ms)
			SetupLoadedEditorAssemblies (356ms)
				LogAssemblyErrors (0ms)
				InitializePlatformSupportModulesInManaged (20ms)
				SetLoadedEditorAssemblies (1ms)
				RefreshPlugins (1ms)
				BeforeProcessingInitializeOnLoad (68ms)
				ProcessInitializeOnLoadAttributes (208ms)
				ProcessInitializeOnLoadMethodAttributes (51ms)
				AfterProcessingInitializeOnLoad (8ms)
				EditorAssembliesLoaded (0ms)
			ExecutionOrderSort2 (0ms)
			AwakeInstancesAfterBackupRestoration (9ms)
Platform modules already initialized, skipping
Refreshing native plugins compatible for Editor in 1.80 ms, found 4 plugins.
Preloading 0 native plugins for Editor in 0.00 ms.
Unloading 3814 Unused Serialized files (Serialized files now loaded: 0)
Unloading 22 unused Assets / (21.9 KB). Loaded Objects now: 4326.
Memory consumption went from 150.2 MB to 150.2 MB.
Total: 2.682800 ms (FindLiveObjects: 0.301200 ms CreateObjectMapping: 0.143700 ms MarkObjects: 2.203800 ms  DeleteObjects: 0.032300 ms)

AssetImportParameters requested are different than current active one (requested -> active):
  custom:video-decoder-ogg-theora: a1e56fd34408186e4bbccfd4996cb3dc -> 
  custom:container-muxer-webm: aa71ff27fc2769a1b78a27578f13a17b -> 
  custom:container-demuxer-webm: 4f35f7cbe854078d1ac9338744f61a02 -> 
  custom:video-encoder-webm-vp8: eb34c28f22e8b96e1ab97ce403110664 -> 
  custom:video-codec-MediaFoundation-h265: 746d11721c4dcdbdad8f713fa42b33f4 -> 
  custom:CustomObjectIndexerAttribute: bc11b3a6c3213fcdd17b65e7da85e133 -> 
  custom:audio-encoder-webm-vorbis: bf7c407c2cedff20999df2af8eb42d56 -> 
  custom:framework-win-MediaFoundation: 216162199b28c13a410421893ffa2e32 -> 
  custom:container-demuxer-ogg: 62fdf1f143b41e24485cea50d1cbac27 -> 
  custom:video-decoder-webm-vp8: 9c59270c3fd7afecdb556c50c9e8de78 -> 
  custom:audio-decoder-ogg-vorbis: bf7c407c2cedff20999df2af8eb42d56 -> 
