Using pre-set license
Built from '2021.3/staging' branch; Version is '2021.3.29f1 (204d6dc9ae1c) revision 2116973'; Using compiler version '192829333'; Build Type 'Release'
OS: 'Windows 11  (10.0.22621) 64bit CoreSingleLanguage' Language: 'en' Physical Memory: 16167 MB
BatchMode: 1, IsHumanControllingUs: 0, StartBugReporterOnCrash: 0, Is64bit: 1, IsPro: 1

COMMAND LINE ARGUMENTS:
C:\Program Files\Unity\Hub\Editor\2021.3.29f1\Editor\Unity.exe
-adb2
-batchMode
-noUpm
-name
AssetImportWorker3
-projectPath
D:/Work/Quinces/Github/FirstWords/FirstWords
-logFile
Logs/AssetImportWorker3.log
-srvPort
54209
Successfully changed project path to: D:/Work/Quinces/Github/FirstWords/FirstWords
D:/Work/Quinces/Github/FirstWords/FirstWords
[UnityMemory] Configuration Parameters - Can be set up in boot.config
    "memorysetup-bucket-allocator-granularity=16"
    "memorysetup-bucket-allocator-bucket-count=8"
    "memorysetup-bucket-allocator-block-size=33554432"
    "memorysetup-bucket-allocator-block-count=8"
    "memorysetup-main-allocator-block-size=16777216"
    "memorysetup-thread-allocator-block-size=16777216"
    "memorysetup-gfx-main-allocator-block-size=16777216"
    "memorysetup-gfx-thread-allocator-block-size=16777216"
    "memorysetup-cache-allocator-block-size=4194304"
    "memorysetup-typetree-allocator-block-size=2097152"
    "memorysetup-profiler-bucket-allocator-granularity=16"
    "memorysetup-profiler-bucket-allocator-bucket-count=8"
    "memorysetup-profiler-bucket-allocator-block-size=33554432"
    "memorysetup-profiler-bucket-allocator-block-count=8"
    "memorysetup-profiler-allocator-block-size=16777216"
    "memorysetup-profiler-editor-allocator-block-size=1048576"
    "memorysetup-temp-allocator-size-main=16777216"
    "memorysetup-job-temp-allocator-block-size=2097152"
    "memorysetup-job-temp-allocator-block-size-background=1048576"
    "memorysetup-job-temp-allocator-reduction-small-platforms=262144"
    "memorysetup-temp-allocator-size-background-worker=32768"
    "memorysetup-temp-allocator-size-job-worker=262144"
    "memorysetup-temp-allocator-size-preload-manager=33554432"
    "memorysetup-temp-allocator-size-nav-mesh-worker=65536"
    "memorysetup-temp-allocator-size-audio-worker=65536"
    "memorysetup-temp-allocator-size-cloud-worker=32768"
    "memorysetup-temp-allocator-size-gi-baking-worker=262144"
    "memorysetup-temp-allocator-size-gfx=262144"
Player connection [15824] Host "[IP] 192.168.0.105 [Port] 0 [Flags] 2 [Guid] 2678942175 [EditorId] 2678942175 [Version] 1048832 [Id] WindowsEditor(7,Rajesh) [Debug] 1 [PackageName] WindowsEditor [ProjectName] Editor" joined multi-casting on [225.0.0.222:54997]...

Player connection [15824] Host "[IP] 192.168.0.105 [Port] 0 [Flags] 2 [Guid] 2678942175 [EditorId] 2678942175 [Version] 1048832 [Id] WindowsEditor(7,Rajesh) [Debug] 1 [PackageName] WindowsEditor [ProjectName] Editor" joined alternative multi-casting on [225.0.0.222:34997]...

Refreshing native plugins compatible for Editor in 85.00 ms, found 4 plugins.
Preloading 0 native plugins for Editor in 0.00 ms.
Initialize engine version: 2021.3.29f1 (204d6dc9ae1c)
[Subsystems] Discovering subsystems at path C:/Program Files/Unity/Hub/Editor/2021.3.29f1/Editor/Data/Resources/UnitySubsystems
[Subsystems] Discovering subsystems at path D:/Work/Quinces/Github/FirstWords/FirstWords/Assets
GfxDevice: creating device client; threaded=0; jobified=0
Direct3D:
    Version:  Direct3D 11.0 [level 11.1]
    Renderer: Intel(R) Iris(R) Xe Graphics (ID=0x9a49)
    Vendor:   Intel
    VRAM:     8083 MB
    Driver:   30.0.101.1003
Initialize mono
Mono path[0] = 'C:/Program Files/Unity/Hub/Editor/2021.3.29f1/Editor/Data/Managed'
Mono path[1] = 'C:/Program Files/Unity/Hub/Editor/2021.3.29f1/Editor/Data/MonoBleedingEdge/lib/mono/unityjit-win32'
Mono config path = 'C:/Program Files/Unity/Hub/Editor/2021.3.29f1/Editor/Data/MonoBleedingEdge/etc'
Using monoOptions --debugger-agent=transport=dt_socket,embedding=1,server=y,suspend=n,address=127.0.0.1:56844
Begin MonoManager ReloadAssembly
Registering precompiled unity dll's ...
Register platform support module: C:/Program Files/Unity/Hub/Editor/2021.3.29f1/Editor/Data/PlaybackEngines/AndroidPlayer/UnityEditor.Android.Extensions.dll
Register platform support module: C:/Program Files/Unity/Hub/Editor/2021.3.29f1/Editor/Data/PlaybackEngines/WindowsStandaloneSupport/UnityEditor.WindowsStandalone.Extensions.dll
Registered in 0.003769 seconds.
Native extension for WindowsStandalone target not found
Native extension for Android target not found
Android Extension - Scanning For ADB Devices 268 ms
Refreshing native plugins compatible for Editor in 117.38 ms, found 4 plugins.
Preloading 0 native plugins for Editor in 0.00 ms.
Mono: successfully reloaded assembly
- Completed reload, in  0.951 seconds
Domain Reload Profiling:
	ReloadAssembly (951ms)
		BeginReloadAssembly (69ms)
			ExecutionOrderSort (0ms)
			DisableScriptedObjects (0ms)
			BackupInstance (0ms)
			ReleaseScriptingObjects (0ms)
			CreateAndSetChildDomain (1ms)
		EndReloadAssembly (797ms)
			LoadAssemblies (67ms)
			RebuildTransferFunctionScriptingTraits (0ms)
			SetupTypeCache (104ms)
			ReleaseScriptCaches (0ms)
			RebuildScriptCaches (30ms)
			SetupLoadedEditorAssemblies (611ms)
				LogAssemblyErrors (0ms)
				InitializePlatformSupportModulesInManaged (366ms)
				SetLoadedEditorAssemblies (0ms)
				RefreshPlugins (117ms)
				BeforeProcessingInitializeOnLoad (1ms)
				ProcessInitializeOnLoadAttributes (80ms)
				ProcessInitializeOnLoadMethodAttributes (46ms)
				AfterProcessingInitializeOnLoad (0ms)
				EditorAssembliesLoaded (0ms)
			ExecutionOrderSort2 (0ms)
			AwakeInstancesAfterBackupRestoration (0ms)
Platform modules already initialized, skipping
Registering precompiled user dll's ...
Registered in 0.004182 seconds.
Begin MonoManager ReloadAssembly
Symbol file LoadedFromMemory doesn't match image D:\Work\Quinces\Github\FirstWords\FirstWords\Library\PackageCache\com.unity.visualscripting@1.8.0\Editor\VisualScripting.Core\Dependencies\YamlDotNet\Unity.VisualScripting.YamlDotNet.dll
Symbol file LoadedFromMemory doesn't match image D:\Work\Quinces\Github\FirstWords\FirstWords\Library\PackageCache\com.unity.visualscripting@1.8.0\Editor\VisualScripting.Core\Dependencies\DotNetZip\Unity.VisualScripting.IonicZip.dll
Native extension for WindowsStandalone target not found
Native extension for Android target not found
Refreshing native plugins compatible for Editor in 96.69 ms, found 4 plugins.
Preloading 0 native plugins for Editor in 0.00 ms.
Mono: successfully reloaded assembly
- Completed reload, in  6.531 seconds
Domain Reload Profiling:
	ReloadAssembly (6532ms)
		BeginReloadAssembly (134ms)
			ExecutionOrderSort (0ms)
			DisableScriptedObjects (9ms)
			BackupInstance (0ms)
			ReleaseScriptingObjects (0ms)
			CreateAndSetChildDomain (20ms)
		EndReloadAssembly (6283ms)
			LoadAssemblies (4868ms)
			RebuildTransferFunctionScriptingTraits (0ms)
			SetupTypeCache (668ms)
			ReleaseScriptCaches (1ms)
			RebuildScriptCaches (67ms)
			SetupLoadedEditorAssemblies (643ms)
				LogAssemblyErrors (0ms)
				InitializePlatformSupportModulesInManaged (18ms)
				SetLoadedEditorAssemblies (0ms)
				RefreshPlugins (97ms)
				BeforeProcessingInitializeOnLoad (93ms)
				ProcessInitializeOnLoadAttributes (387ms)
				ProcessInitializeOnLoadMethodAttributes (43ms)
				AfterProcessingInitializeOnLoad (5ms)
				EditorAssembliesLoaded (0ms)
			ExecutionOrderSort2 (0ms)
			AwakeInstancesAfterBackupRestoration (5ms)
Platform modules already initialized, skipping
========================================================================
Worker process is ready to serve import requests
Launched and connected shader compiler UnityShaderCompiler.exe after 0.11 seconds
Refreshing native plugins compatible for Editor in 0.76 ms, found 4 plugins.
Preloading 0 native plugins for Editor in 0.00 ms.
Unloading 3839 Unused Serialized files (Serialized files now loaded: 0)
Unloading 35 unused Assets / (46.4 KB). Loaded Objects now: 4302.
Memory consumption went from 152.4 MB to 152.4 MB.
Total: 4.216800 ms (FindLiveObjects: 0.275900 ms CreateObjectMapping: 0.160300 ms MarkObjects: 3.679000 ms  DeleteObjects: 0.100300 ms)

AssetImportParameters requested are different than current active one (requested -> active):
  custom:video-decoder-ogg-theora: a1e56fd34408186e4bbccfd4996cb3dc -> 
  custom:container-muxer-webm: aa71ff27fc2769a1b78a27578f13a17b -> 
  custom:container-demuxer-webm: 4f35f7cbe854078d1ac9338744f61a02 -> 
  custom:video-encoder-webm-vp8: eb34c28f22e8b96e1ab97ce403110664 -> 
  custom:video-codec-MediaFoundation-h265: 746d11721c4dcdbdad8f713fa42b33f4 -> 
  custom:CustomObjectIndexerAttribute: bc11b3a6c3213fcdd17b65e7da85e133 -> 
  custom:audio-encoder-webm-vorbis: bf7c407c2cedff20999df2af8eb42d56 -> 
  custom:framework-win-MediaFoundation: 216162199b28c13a410421893ffa2e32 -> 
  custom:container-demuxer-ogg: 62fdf1f143b41e24485cea50d1cbac27 -> 
  custom:video-decoder-webm-vp8: 9c59270c3fd7afecdb556c50c9e8de78 -> 
  custom:audio-decoder-ogg-vorbis: bf7c407c2cedff20999df2af8eb42d56 -> 
========================================================================
Received Import Request.
  Time since last request: 347111.926484 seconds.
  path: Assets/First Words_V3
  artifactKey: Guid(20f13e472324caf42b4912a155e2e16d) Importer(815301076,1909f56bfc062723c751e8b465ee728b)
Start importing Assets/First Words_V3 using Guid(20f13e472324caf42b4912a155e2e16d) Importer(815301076,1909f56bfc062723c751e8b465ee728b)  -> (artifact id: '6a5d7a89bd768d5cff8c44fac527a0ab') in 0.024579 seconds 
========================================================================
Received Import Request.
  Time since last request: 0.000024 seconds.
  path: Assets/First Words_V3/First Words/Designs/Birds-page/inner screens-birds.jpg
  artifactKey: Guid(9f3a144658ec9294dbeaec1479a4afab) Importer(815301076,1909f56bfc062723c751e8b465ee728b)
Start importing Assets/First Words_V3/First Words/Designs/Birds-page/inner screens-birds.jpg using Guid(9f3a144658ec9294dbeaec1479a4afab) Importer(815301076,1909f56bfc062723c751e8b465ee728b)  -> (artifact id: '331a473627e23fbb19a61c44382f26d6') in 0.275430 seconds 
========================================================================
Received Import Request.
  Time since last request: 0.000024 seconds.
  path: Assets/First Words_V3/First Words/Designs/Alphabet-page
  artifactKey: Guid(59c2861018996f945beff9458094cdb4) Importer(815301076,1909f56bfc062723c751e8b465ee728b)
Start importing Assets/First Words_V3/First Words/Designs/Alphabet-page using Guid(59c2861018996f945beff9458094cdb4) Importer(815301076,1909f56bfc062723c751e8b465ee728b)  -> (artifact id: '737c6362d6ba236ed6194e2a5e1e341e') in 0.016124 seconds 
========================================================================
Received Import Request.
  Time since last request: 0.000041 seconds.
  path: Assets/First Words_V3/First Words/Designs/Alphabet-page/inner screens-Alphabets.jpg
  artifactKey: Guid(27af36e5b05d78842b795149bd2fee42) Importer(815301076,1909f56bfc062723c751e8b465ee728b)
Start importing Assets/First Words_V3/First Words/Designs/Alphabet-page/inner screens-Alphabets.jpg using Guid(27af36e5b05d78842b795149bd2fee42) Importer(815301076,1909f56bfc062723c751e8b465ee728b)  -> (artifact id: '5fbdb0e35171975eefd0729719b7d37b') in 0.196972 seconds 
========================================================================
Received Import Request.
  Time since last request: 13.474470 seconds.
  path: Assets/First Words_V3/First Words/Assets/Birds-300x300/cow.png
  artifactKey: Guid(45d752d355a917044a9c07c0f5aa2241) Importer(815301076,1909f56bfc062723c751e8b465ee728b)
Start importing Assets/First Words_V3/First Words/Assets/Birds-300x300/cow.png using Guid(45d752d355a917044a9c07c0f5aa2241) Importer(815301076,1909f56bfc062723c751e8b465ee728b)  -> (artifact id: 'f9b6c51bef7dc904e537a26e00f7cb2a') in 0.026725 seconds 
========================================================================
Received Import Request.
  Time since last request: 0.000025 seconds.
  path: Assets/First Words_V3/First Words/Assets/Birds-300x300/humming-bird.png
  artifactKey: Guid(10e3eab003fc57f40ad29277f48e6ca4) Importer(815301076,1909f56bfc062723c751e8b465ee728b)
Start importing Assets/First Words_V3/First Words/Assets/Birds-300x300/humming-bird.png using Guid(10e3eab003fc57f40ad29277f48e6ca4) Importer(815301076,1909f56bfc062723c751e8b465ee728b)  -> (artifact id: 'b71447be49f6435e1d4c93f64120a307') in 0.028919 seconds 
========================================================================
Received Import Request.
  Time since last request: 0.000031 seconds.
  path: Assets/First Words_V3/First Words/Assets/Birds-300x300/owl.png
  artifactKey: Guid(beb73c050b7d7664c9b777d27892a867) Importer(815301076,1909f56bfc062723c751e8b465ee728b)
Start importing Assets/First Words_V3/First Words/Assets/Birds-300x300/owl.png using Guid(beb73c050b7d7664c9b777d27892a867) Importer(815301076,1909f56bfc062723c751e8b465ee728b)  -> (artifact id: 'd73eae5df6a1bea5a0de0d9fe04dd1fb') in 0.033702 seconds 
========================================================================
Received Import Request.
  Time since last request: 0.000024 seconds.
  path: Assets/First Words_V3/First Words/Assets/Birds-300x300/vulture.png
  artifactKey: Guid(54c3942e2a1e64845a5ad145f4fce526) Importer(815301076,1909f56bfc062723c751e8b465ee728b)
Start importing Assets/First Words_V3/First Words/Assets/Birds-300x300/vulture.png using Guid(54c3942e2a1e64845a5ad145f4fce526) Importer(815301076,1909f56bfc062723c751e8b465ee728b)  -> (artifact id: '0db590486be4982c142cbb271a7421c8') in 0.029452 seconds 
========================================================================
Received Import Request.
  Time since last request: 0.000074 seconds.
  path: Assets/First Words_V3/First Words/Assets/Birds-300x300/ostrich.png
  artifactKey: Guid(f21bf6c42c0e1be4ea572efbb5337ca3) Importer(815301076,1909f56bfc062723c751e8b465ee728b)
Start importing Assets/First Words_V3/First Words/Assets/Birds-300x300/ostrich.png using Guid(f21bf6c42c0e1be4ea572efbb5337ca3) Importer(815301076,1909f56bfc062723c751e8b465ee728b)  -> (artifact id: '15a1813f98f901830083c59570de60d8') in 0.027988 seconds 
========================================================================
Received Import Request.
  Time since last request: 0.000039 seconds.
  path: Assets/First Words_V3/First Words/Assets/Birds-300x300/parrot.png
  artifactKey: Guid(42ba34233322fe845bdf52f84a2c35f3) Importer(815301076,1909f56bfc062723c751e8b465ee728b)
Start importing Assets/First Words_V3/First Words/Assets/Birds-300x300/parrot.png using Guid(42ba34233322fe845bdf52f84a2c35f3) Importer(815301076,1909f56bfc062723c751e8b465ee728b)  -> (artifact id: '74e0da1a86112980c9fc419aa6dcf325') in 0.025884 seconds 
========================================================================
Received Import Request.
  Time since last request: 0.000027 seconds.
  path: Assets/First Words_V3/First Words/Assets/Birds-300x300/crane.png
  artifactKey: Guid(906b2a75f24a23b4796ba2d1a810be4b) Importer(815301076,1909f56bfc062723c751e8b465ee728b)
Start importing Assets/First Words_V3/First Words/Assets/Birds-300x300/crane.png using Guid(906b2a75f24a23b4796ba2d1a810be4b) Importer(815301076,1909f56bfc062723c751e8b465ee728b)  -> (artifact id: '3ba1513f58967535bc2829dbb4f3e4f3') in 0.027540 seconds 
========================================================================
Received Import Request.
  Time since last request: 0.000030 seconds.
  path: Assets/First Words_V3/First Words/Assets/Birds-300x300/peigon.png
  artifactKey: Guid(db5ffb5cf1e06b941b22f717d9c3220e) Importer(815301076,1909f56bfc062723c751e8b465ee728b)
Start importing Assets/First Words_V3/First Words/Assets/Birds-300x300/peigon.png using Guid(db5ffb5cf1e06b941b22f717d9c3220e) Importer(815301076,1909f56bfc062723c751e8b465ee728b)  -> (artifact id: '08d4757572572aa7eda7a828427ef15d') in 0.029857 seconds 
========================================================================
Received Import Request.
  Time since last request: 0.000030 seconds.
  path: Assets/First Words_V3/First Words/Assets/Birds-300x300/swan.png
  artifactKey: Guid(f8b0083b100094443895690c2f407de0) Importer(815301076,1909f56bfc062723c751e8b465ee728b)
Start importing Assets/First Words_V3/First Words/Assets/Birds-300x300/swan.png using Guid(f8b0083b100094443895690c2f407de0) Importer(815301076,1909f56bfc062723c751e8b465ee728b)  -> (artifact id: '5a45e6a75dfec484458c9c3dde76da2f') in 0.028272 seconds 
========================================================================
Received Import Request.
  Time since last request: 0.000036 seconds.
  path: Assets/First Words_V3/First Words/Assets/Birds-300x300/penguin.png
  artifactKey: Guid(6db2c076d80a6f24d80f08746aa9537f) Importer(815301076,1909f56bfc062723c751e8b465ee728b)
Start importing Assets/First Words_V3/First Words/Assets/Birds-300x300/penguin.png using Guid(6db2c076d80a6f24d80f08746aa9537f) Importer(815301076,1909f56bfc062723c751e8b465ee728b)  -> (artifact id: 'a0a7e9a410cd62161d399c502a370049') in 0.026628 seconds 
========================================================================
Received Import Request.
  Time since last request: 45.340550 seconds.
  path: Assets/First Words_V3/First Words/Assets/Alphabets-300x300/G.png
  artifactKey: Guid(85402cec89808bb4fa29dc7f1a0338fb) Importer(815301076,1909f56bfc062723c751e8b465ee728b)
Start importing Assets/First Words_V3/First Words/Assets/Alphabets-300x300/G.png using Guid(85402cec89808bb4fa29dc7f1a0338fb) Importer(815301076,1909f56bfc062723c751e8b465ee728b)  -> (artifact id: '933d7eb1a9f37e746d0725d1ae497cab') in 0.026475 seconds 
========================================================================
Received Import Request.
  Time since last request: 0.000025 seconds.
  path: Assets/First Words_V3/First Words/Assets/Alphabets-300x300/W.png
  artifactKey: Guid(dddaea31b206c734d8c193cbbebe8345) Importer(815301076,1909f56bfc062723c751e8b465ee728b)
Start importing Assets/First Words_V3/First Words/Assets/Alphabets-300x300/W.png using Guid(dddaea31b206c734d8c193cbbebe8345) Importer(815301076,1909f56bfc062723c751e8b465ee728b)  -> (artifact id: '02951843a7b9730cd41561508895940f') in 0.028850 seconds 
========================================================================
Received Import Request.
  Time since last request: 0.000029 seconds.
  path: Assets/First Words_V3/First Words/Assets/Alphabets-300x300/T.png
  artifactKey: Guid(47104d395dc90c34f938fc66ac674403) Importer(815301076,1909f56bfc062723c751e8b465ee728b)
Start importing Assets/First Words_V3/First Words/Assets/Alphabets-300x300/T.png using Guid(47104d395dc90c34f938fc66ac674403) Importer(815301076,1909f56bfc062723c751e8b465ee728b)  -> (artifact id: 'fb311ceff30961dbed169e6879afa2d4') in 0.028671 seconds 
========================================================================
Received Import Request.
  Time since last request: 0.000031 seconds.
  path: Assets/First Words_V3/First Words/Assets/Alphabets-300x300/L.png
  artifactKey: Guid(2166ff211aaadcb43978dc5b8949eeb7) Importer(815301076,1909f56bfc062723c751e8b465ee728b)
Start importing Assets/First Words_V3/First Words/Assets/Alphabets-300x300/L.png using Guid(2166ff211aaadcb43978dc5b8949eeb7) Importer(815301076,1909f56bfc062723c751e8b465ee728b)  -> (artifact id: '311f44ffcd085077aa966bee6ab3f7f2') in 0.026185 seconds 
========================================================================
Received Import Request.
  Time since last request: 0.000030 seconds.
  path: Assets/First Words_V3/First Words/Assets/Alphabets-300x300/N.png
  artifactKey: Guid(d97c8bdadea8c15438c3b50a03f6f1e9) Importer(815301076,1909f56bfc062723c751e8b465ee728b)
Start importing Assets/First Words_V3/First Words/Assets/Alphabets-300x300/N.png using Guid(d97c8bdadea8c15438c3b50a03f6f1e9) Importer(815301076,1909f56bfc062723c751e8b465ee728b)  -> (artifact id: 'd81870e47387c18de998639530265027') in 0.029862 seconds 
========================================================================
Received Import Request.
  Time since last request: 0.000043 seconds.
  path: Assets/First Words_V3/First Words/Assets/Alphabets-300x300/I.png
  artifactKey: Guid(d7a81ba474ab21c418b7461e1a0e3b7a) Importer(815301076,1909f56bfc062723c751e8b465ee728b)
Start importing Assets/First Words_V3/First Words/Assets/Alphabets-300x300/I.png using Guid(d7a81ba474ab21c418b7461e1a0e3b7a) Importer(815301076,1909f56bfc062723c751e8b465ee728b)  -> (artifact id: '140ddb672e5b50dd8e97dcea2af04de4') in 0.028321 seconds 
========================================================================
Received Import Request.
  Time since last request: 0.000025 seconds.
  path: Assets/First Words_V3/First Words/Assets/Alphabets-300x300/U.png
  artifactKey: Guid(405bd97c440eea641a07737304929be8) Importer(815301076,1909f56bfc062723c751e8b465ee728b)
Start importing Assets/First Words_V3/First Words/Assets/Alphabets-300x300/U.png using Guid(405bd97c440eea641a07737304929be8) Importer(815301076,1909f56bfc062723c751e8b465ee728b)  -> (artifact id: '8b75dc88d14fa430a57ea9f43b23b17d') in 0.029614 seconds 
========================================================================
Received Import Request.
  Time since last request: 0.000023 seconds.
  path: Assets/First Words_V3/First Words/Assets/Alphabets-300x300/Z.png
  artifactKey: Guid(094f8907f29eb89478f986b0333217dd) Importer(815301076,1909f56bfc062723c751e8b465ee728b)
Start importing Assets/First Words_V3/First Words/Assets/Alphabets-300x300/Z.png using Guid(094f8907f29eb89478f986b0333217dd) Importer(815301076,1909f56bfc062723c751e8b465ee728b)  -> (artifact id: '1528984af3622bd551dd994e0ca8e8e6') in 0.028534 seconds 
========================================================================
Received Import Request.
  Time since last request: 0.000032 seconds.
  path: Assets/First Words_V3/First Words/Assets/Alphabets-300x300/M.png
  artifactKey: Guid(8bd79a88254bf7641b32c3e056601474) Importer(815301076,1909f56bfc062723c751e8b465ee728b)
Start importing Assets/First Words_V3/First Words/Assets/Alphabets-300x300/M.png using Guid(8bd79a88254bf7641b32c3e056601474) Importer(815301076,1909f56bfc062723c751e8b465ee728b)  -> (artifact id: 'd39a79123b97f469269091c358051363') in 0.029507 seconds 
========================================================================
Received Import Request.
  Time since last request: 0.000026 seconds.
  path: Assets/First Words_V3/First Words/Assets/Alphabets-300x300/R.png
  artifactKey: Guid(5d8b6e7d052dadb4eae79d1d4d35c985) Importer(815301076,1909f56bfc062723c751e8b465ee728b)
Start importing Assets/First Words_V3/First Words/Assets/Alphabets-300x300/R.png using Guid(5d8b6e7d052dadb4eae79d1d4d35c985) Importer(815301076,1909f56bfc062723c751e8b465ee728b)  -> (artifact id: 'f9bd20b0aaba724c7c33f1d9bec8cee6') in 0.028046 seconds 
========================================================================
Received Import Request.
  Time since last request: 0.000027 seconds.
  path: Assets/First Words_V3/First Words/Assets/Alphabets-300x300/K.png
  artifactKey: Guid(bd9d32d74529d7245a2cbbd6e4fac462) Importer(815301076,1909f56bfc062723c751e8b465ee728b)
Start importing Assets/First Words_V3/First Words/Assets/Alphabets-300x300/K.png using Guid(bd9d32d74529d7245a2cbbd6e4fac462) Importer(815301076,1909f56bfc062723c751e8b465ee728b)  -> (artifact id: 'e63b30b11c96207adaf4bb1be4206f85') in 0.026052 seconds 
========================================================================
Received Import Request.
  Time since last request: 0.639571 seconds.
  path: Assets/First Words_V3/First Words/Assets/Alphabets-300x300/B.png
  artifactKey: Guid(b9844ace372274f498f856e544d87560) Importer(815301076,1909f56bfc062723c751e8b465ee728b)
Start importing Assets/First Words_V3/First Words/Assets/Alphabets-300x300/B.png using Guid(b9844ace372274f498f856e544d87560) Importer(815301076,1909f56bfc062723c751e8b465ee728b)  -> (artifact id: '0d54cc9ff04bd6f0f95b6f7b090749fd') in 0.031719 seconds 
========================================================================
Received Import Request.
  Time since last request: 0.000019 seconds.
  path: Assets/First Words_V3/First Words/Assets/Alphabets-300x300/E.png
  artifactKey: Guid(f36d20fa434be854092108b904563231) Importer(815301076,1909f56bfc062723c751e8b465ee728b)
Start importing Assets/First Words_V3/First Words/Assets/Alphabets-300x300/E.png using Guid(f36d20fa434be854092108b904563231) Importer(815301076,1909f56bfc062723c751e8b465ee728b)  -> (artifact id: '3ccf97920ab21aeda455e868c49a1b72') in 0.031446 seconds 
========================================================================
Received Prepare
Registering precompiled user dll's ...
Registered in 0.004345 seconds.
Begin MonoManager ReloadAssembly
Symbol file LoadedFromMemory doesn't match image D:\Work\Quinces\Github\FirstWords\FirstWords\Library\PackageCache\com.unity.visualscripting@1.8.0\Editor\VisualScripting.Core\Dependencies\YamlDotNet\Unity.VisualScripting.YamlDotNet.dll
Symbol file LoadedFromMemory doesn't match image D:\Work\Quinces\Github\FirstWords\FirstWords\Library\PackageCache\com.unity.visualscripting@1.8.0\Editor\VisualScripting.Core\Dependencies\DotNetZip\Unity.VisualScripting.IonicZip.dll
Native extension for WindowsStandalone target not found
Native extension for Android target not found
Refreshing native plugins compatible for Editor in 0.98 ms, found 4 plugins.
Preloading 0 native plugins for Editor in 0.00 ms.
Mono: successfully reloaded assembly
- Completed reload, in  1.605 seconds
Domain Reload Profiling:
	ReloadAssembly (1606ms)
		BeginReloadAssembly (222ms)
			ExecutionOrderSort (0ms)
			DisableScriptedObjects (13ms)
			BackupInstance (0ms)
			ReleaseScriptingObjects (0ms)
			CreateAndSetChildDomain (58ms)
		EndReloadAssembly (1224ms)
			LoadAssemblies (151ms)
			RebuildTransferFunctionScriptingTraits (0ms)
			SetupTypeCache (381ms)
			ReleaseScriptCaches (2ms)
			RebuildScriptCaches (98ms)
			SetupLoadedEditorAssemblies (525ms)
				LogAssemblyErrors (0ms)
				InitializePlatformSupportModulesInManaged (40ms)
				SetLoadedEditorAssemblies (1ms)
				RefreshPlugins (1ms)
				BeforeProcessingInitializeOnLoad (106ms)
				ProcessInitializeOnLoadAttributes (301ms)
				ProcessInitializeOnLoadMethodAttributes (67ms)
				AfterProcessingInitializeOnLoad (9ms)
				EditorAssembliesLoaded (0ms)
			ExecutionOrderSort2 (0ms)
			AwakeInstancesAfterBackupRestoration (9ms)
Platform modules already initialized, skipping
Refreshing native plugins compatible for Editor in 2.24 ms, found 4 plugins.
Preloading 0 native plugins for Editor in 0.00 ms.
Unloading 3814 Unused Serialized files (Serialized files now loaded: 0)
Unloading 22 unused Assets / (21.9 KB). Loaded Objects now: 4314.
Memory consumption went from 149.6 MB to 149.6 MB.
Total: 4.413000 ms (FindLiveObjects: 0.372300 ms CreateObjectMapping: 0.294300 ms MarkObjects: 3.712300 ms  DeleteObjects: 0.032600 ms)

AssetImportParameters requested are different than current active one (requested -> active):
  custom:video-decoder-ogg-theora: a1e56fd34408186e4bbccfd4996cb3dc -> 
  custom:container-muxer-webm: aa71ff27fc2769a1b78a27578f13a17b -> 
  custom:container-demuxer-webm: 4f35f7cbe854078d1ac9338744f61a02 -> 
  custom:video-encoder-webm-vp8: eb34c28f22e8b96e1ab97ce403110664 -> 
  custom:video-codec-MediaFoundation-h265: 746d11721c4dcdbdad8f713fa42b33f4 -> 
  custom:CustomObjectIndexerAttribute: bc11b3a6c3213fcdd17b65e7da85e133 -> 
  custom:audio-encoder-webm-vorbis: bf7c407c2cedff20999df2af8eb42d56 -> 
  custom:framework-win-MediaFoundation: 216162199b28c13a410421893ffa2e32 -> 
  custom:container-demuxer-ogg: 62fdf1f143b41e24485cea50d1cbac27 -> 
  custom:video-decoder-webm-vp8: 9c59270c3fd7afecdb556c50c9e8de78 -> 
  custom:audio-decoder-ogg-vorbis: bf7c407c2cedff20999df2af8eb42d56 -> 
========================================================================
Received Import Request.
  Time since last request: 1094.870932 seconds.
  path: Assets/First Words_V3/First Words/Audios/Audios/Birds/Crane.mp3
  artifactKey: Guid(abeceddd371fdfc46b84bbd78f9b41dc) Importer(815301076,1909f56bfc062723c751e8b465ee728b)
Start importing Assets/First Words_V3/First Words/Audios/Audios/Birds/Crane.mp3 using Guid(abeceddd371fdfc46b84bbd78f9b41dc) Importer(815301076,1909f56bfc062723c751e8b465ee728b)  -> (artifact id: '9da36a67f5f3942e2ac4d0ec54578a9e') in 0.099822 seconds 
========================================================================
Received Import Request.
  Time since last request: 0.000042 seconds.
  path: Assets/First Words_V3/First Words/Audios/Audios/Birds/Macaw.mp3
  artifactKey: Guid(91d9cb3df9de0c04c82674243735c06b) Importer(815301076,1909f56bfc062723c751e8b465ee728b)
Start importing Assets/First Words_V3/First Words/Audios/Audios/Birds/Macaw.mp3 using Guid(91d9cb3df9de0c04c82674243735c06b) Importer(815301076,1909f56bfc062723c751e8b465ee728b)  -> (artifact id: '9edbb6deceec606a0b8e89f7e492bb55') in 0.014187 seconds 
========================================================================
Received Import Request.
  Time since last request: 0.000044 seconds.
  path: Assets/First Words_V3/First Words/Audios/Audios/Birds/Nightingale.mp3
  artifactKey: Guid(35591ccbf2bd2684ab0c88db1835c3b0) Importer(815301076,1909f56bfc062723c751e8b465ee728b)
Start importing Assets/First Words_V3/First Words/Audios/Audios/Birds/Nightingale.mp3 using Guid(35591ccbf2bd2684ab0c88db1835c3b0) Importer(815301076,1909f56bfc062723c751e8b465ee728b)  -> (artifact id: '9f73bd3cdb0c6f25e4d48570f06441c5') in 0.013982 seconds 
========================================================================
Received Import Request.
  Time since last request: 0.000031 seconds.
  path: Assets/First Words_V3/First Words/Audios/Audios/Birds/Peacock.mp3
  artifactKey: Guid(91e1d62caea6f57439e97846343094af) Importer(815301076,1909f56bfc062723c751e8b465ee728b)
Start importing Assets/First Words_V3/First Words/Audios/Audios/Birds/Peacock.mp3 using Guid(91e1d62caea6f57439e97846343094af) Importer(815301076,1909f56bfc062723c751e8b465ee728b)  -> (artifact id: 'bf890d752f5365bb65259969a3c3741f') in 0.015507 seconds 
========================================================================
Received Import Request.
  Time since last request: 0.000027 seconds.
  path: Assets/First Words_V3/First Words/Audios/Audios/Birds/Owl.mp3
  artifactKey: Guid(dc10bc089a6281246b551907468c3d7e) Importer(815301076,1909f56bfc062723c751e8b465ee728b)
Start importing Assets/First Words_V3/First Words/Audios/Audios/Birds/Owl.mp3 using Guid(dc10bc089a6281246b551907468c3d7e) Importer(815301076,1909f56bfc062723c751e8b465ee728b)  -> (artifact id: 'b4d39619e55a7976bc2d47ab18f86734') in 0.013839 seconds 
========================================================================
Received Import Request.
  Time since last request: 0.000035 seconds.
  path: Assets/First Words_V3/First Words/Audios/Audios/Birds/Vulture.mp3
  artifactKey: Guid(d790d33829f2cef4bb04c7435c3ae357) Importer(815301076,1909f56bfc062723c751e8b465ee728b)
Start importing Assets/First Words_V3/First Words/Audios/Audios/Birds/Vulture.mp3 using Guid(d790d33829f2cef4bb04c7435c3ae357) Importer(815301076,1909f56bfc062723c751e8b465ee728b)  -> (artifact id: 'b33c4d9ee59c415fdb50d4dda98502c6') in 0.015483 seconds 
========================================================================
Received Import Request.
  Time since last request: 0.000038 seconds.
  path: Assets/First Words_V3/First Words/Audios/Audios/Birds/Hen.mp3
  artifactKey: Guid(ee556ab9df3b6ef48ab191fb28be3ba5) Importer(815301076,1909f56bfc062723c751e8b465ee728b)
Start importing Assets/First Words_V3/First Words/Audios/Audios/Birds/Hen.mp3 using Guid(ee556ab9df3b6ef48ab191fb28be3ba5) Importer(815301076,1909f56bfc062723c751e8b465ee728b)  -> (artifact id: '9e3d227d377f3b2cea16ce57bb82d2ce') in 0.014399 seconds 
========================================================================
Received Import Request.
  Time since last request: 0.000029 seconds.
  path: Assets/First Words_V3/First Words/Audios/Audios/Birds/Sparrow.mp3
  artifactKey: Guid(3cf851c90b2f8cc40b712c8d7d5b66e0) Importer(815301076,1909f56bfc062723c751e8b465ee728b)
Start importing Assets/First Words_V3/First Words/Audios/Audios/Birds/Sparrow.mp3 using Guid(3cf851c90b2f8cc40b712c8d7d5b66e0) Importer(815301076,1909f56bfc062723c751e8b465ee728b)  -> (artifact id: '117d8db0e43d04a3c57d650366b9f935') in 0.015248 seconds 
========================================================================
Received Import Request.
  Time since last request: 0.000033 seconds.
  path: Assets/First Words_V3/First Words/Audios/Audios/Birds/Eagle.mp3
  artifactKey: Guid(099e7769d062eda4d96336e35a054702) Importer(815301076,1909f56bfc062723c751e8b465ee728b)
Start importing Assets/First Words_V3/First Words/Audios/Audios/Birds/Eagle.mp3 using Guid(099e7769d062eda4d96336e35a054702) Importer(815301076,1909f56bfc062723c751e8b465ee728b)  -> (artifact id: 'dd5053f6c07711f131dbe01015dd9dd6') in 0.013582 seconds 
========================================================================
Received Import Request.
  Time since last request: 0.000031 seconds.
  path: Assets/First Words_V3/First Words/Audios/Audios/Birds/Duck.mp3
  artifactKey: Guid(1e89b6bbda5f67f439a9af55d4f6a066) Importer(815301076,1909f56bfc062723c751e8b465ee728b)
Start importing Assets/First Words_V3/First Words/Audios/Audios/Birds/Duck.mp3 using Guid(1e89b6bbda5f67f439a9af55d4f6a066) Importer(815301076,1909f56bfc062723c751e8b465ee728b)  -> (artifact id: '818891fb1c63b424fa00ef081cde2c0e') in 0.012171 seconds 
========================================================================
Received Prepare
Registering precompiled user dll's ...
Registered in 0.003010 seconds.
Begin MonoManager ReloadAssembly
Symbol file LoadedFromMemory doesn't match image D:\Work\Quinces\Github\FirstWords\FirstWords\Library\PackageCache\com.unity.visualscripting@1.8.0\Editor\VisualScripting.Core\Dependencies\YamlDotNet\Unity.VisualScripting.YamlDotNet.dll
Symbol file LoadedFromMemory doesn't match image D:\Work\Quinces\Github\FirstWords\FirstWords\Library\PackageCache\com.unity.visualscripting@1.8.0\Editor\VisualScripting.Core\Dependencies\DotNetZip\Unity.VisualScripting.IonicZip.dll
Native extension for WindowsStandalone target not found
Native extension for Android target not found
Refreshing native plugins compatible for Editor in 0.79 ms, found 4 plugins.
Preloading 0 native plugins for Editor in 0.00 ms.
Mono: successfully reloaded assembly
- Completed reload, in  0.956 seconds
Domain Reload Profiling:
	ReloadAssembly (957ms)
		BeginReloadAssembly (138ms)
			ExecutionOrderSort (0ms)
			DisableScriptedObjects (6ms)
			BackupInstance (0ms)
			ReleaseScriptingObjects (0ms)
			CreateAndSetChildDomain (42ms)
		EndReloadAssembly (726ms)
			LoadAssemblies (84ms)
			RebuildTransferFunctionScriptingTraits (0ms)
			SetupTypeCache (217ms)
			ReleaseScriptCaches (1ms)
			RebuildScriptCaches (40ms)
			SetupLoadedEditorAssemblies (333ms)
				LogAssemblyErrors (0ms)
				InitializePlatformSupportModulesInManaged (22ms)
				SetLoadedEditorAssemblies (0ms)
				RefreshPlugins (1ms)
				BeforeProcessingInitializeOnLoad (77ms)
				ProcessInitializeOnLoadAttributes (178ms)
				ProcessInitializeOnLoadMethodAttributes (46ms)
				AfterProcessingInitializeOnLoad (8ms)
				EditorAssembliesLoaded (0ms)
			ExecutionOrderSort2 (0ms)
			AwakeInstancesAfterBackupRestoration (8ms)
Platform modules already initialized, skipping
Refreshing native plugins compatible for Editor in 2.82 ms, found 4 plugins.
Preloading 0 native plugins for Editor in 0.00 ms.
Unloading 3814 Unused Serialized files (Serialized files now loaded: 0)
Unloading 22 unused Assets / (22.0 KB). Loaded Objects now: 4323.
Memory consumption went from 149.7 MB to 149.7 MB.
Total: 2.927800 ms (FindLiveObjects: 0.282300 ms CreateObjectMapping: 0.139600 ms MarkObjects: 2.469900 ms  DeleteObjects: 0.034800 ms)

AssetImportParameters requested are different than current active one (requested -> active):
  custom:video-decoder-ogg-theora: a1e56fd34408186e4bbccfd4996cb3dc -> 
  custom:container-muxer-webm: aa71ff27fc2769a1b78a27578f13a17b -> 
  custom:container-demuxer-webm: 4f35f7cbe854078d1ac9338744f61a02 -> 
  custom:video-encoder-webm-vp8: eb34c28f22e8b96e1ab97ce403110664 -> 
  custom:video-codec-MediaFoundation-h265: 746d11721c4dcdbdad8f713fa42b33f4 -> 
  custom:CustomObjectIndexerAttribute: bc11b3a6c3213fcdd17b65e7da85e133 -> 
  custom:audio-encoder-webm-vorbis: bf7c407c2cedff20999df2af8eb42d56 -> 
  custom:framework-win-MediaFoundation: 216162199b28c13a410421893ffa2e32 -> 
  custom:container-demuxer-ogg: 62fdf1f143b41e24485cea50d1cbac27 -> 
  custom:video-decoder-webm-vp8: 9c59270c3fd7afecdb556c50c9e8de78 -> 
  custom:audio-decoder-ogg-vorbis: bf7c407c2cedff20999df2af8eb42d56 -> 
========================================================================
Received Prepare
Registering precompiled user dll's ...
Registered in 0.003423 seconds.
Begin MonoManager ReloadAssembly
Symbol file LoadedFromMemory doesn't match image D:\Work\Quinces\Github\FirstWords\FirstWords\Library\PackageCache\com.unity.visualscripting@1.8.0\Editor\VisualScripting.Core\Dependencies\YamlDotNet\Unity.VisualScripting.YamlDotNet.dll
Symbol file LoadedFromMemory doesn't match image D:\Work\Quinces\Github\FirstWords\FirstWords\Library\PackageCache\com.unity.visualscripting@1.8.0\Editor\VisualScripting.Core\Dependencies\DotNetZip\Unity.VisualScripting.IonicZip.dll
Native extension for WindowsStandalone target not found
Native extension for Android target not found
Refreshing native plugins compatible for Editor in 0.78 ms, found 4 plugins.
Preloading 0 native plugins for Editor in 0.00 ms.
Mono: successfully reloaded assembly
- Completed reload, in  0.922 seconds
Domain Reload Profiling:
	ReloadAssembly (922ms)
		BeginReloadAssembly (140ms)
			ExecutionOrderSort (0ms)
			DisableScriptedObjects (9ms)
			BackupInstance (0ms)
			ReleaseScriptingObjects (0ms)
			CreateAndSetChildDomain (35ms)
		EndReloadAssembly (705ms)
			LoadAssemblies (87ms)
			RebuildTransferFunctionScriptingTraits (0ms)
			SetupTypeCache (203ms)
			ReleaseScriptCaches (1ms)
			RebuildScriptCaches (48ms)
			SetupLoadedEditorAssemblies (323ms)
				LogAssemblyErrors (0ms)
				InitializePlatformSupportModulesInManaged (19ms)
				SetLoadedEditorAssemblies (1ms)
				RefreshPlugins (1ms)
				BeforeProcessingInitializeOnLoad (60ms)
				ProcessInitializeOnLoadAttributes (185ms)
				ProcessInitializeOnLoadMethodAttributes (49ms)
				AfterProcessingInitializeOnLoad (8ms)
				EditorAssembliesLoaded (0ms)
			ExecutionOrderSort2 (0ms)
			AwakeInstancesAfterBackupRestoration (8ms)
Platform modules already initialized, skipping
Refreshing native plugins compatible for Editor in 1.73 ms, found 4 plugins.
Preloading 0 native plugins for Editor in 0.00 ms.
Unloading 3814 Unused Serialized files (Serialized files now loaded: 0)
Unloading 22 unused Assets / (22.0 KB). Loaded Objects now: 4326.
Memory consumption went from 149.7 MB to 149.7 MB.
Total: 3.397400 ms (FindLiveObjects: 0.315700 ms CreateObjectMapping: 0.253700 ms MarkObjects: 2.793400 ms  DeleteObjects: 0.033200 ms)

AssetImportParameters requested are different than current active one (requested -> active):
  custom:video-decoder-ogg-theora: a1e56fd34408186e4bbccfd4996cb3dc -> 
  custom:container-muxer-webm: aa71ff27fc2769a1b78a27578f13a17b -> 
  custom:container-demuxer-webm: 4f35f7cbe854078d1ac9338744f61a02 -> 
  custom:video-encoder-webm-vp8: eb34c28f22e8b96e1ab97ce403110664 -> 
  custom:video-codec-MediaFoundation-h265: 746d11721c4dcdbdad8f713fa42b33f4 -> 
  custom:CustomObjectIndexerAttribute: bc11b3a6c3213fcdd17b65e7da85e133 -> 
  custom:audio-encoder-webm-vorbis: bf7c407c2cedff20999df2af8eb42d56 -> 
  custom:framework-win-MediaFoundation: 216162199b28c13a410421893ffa2e32 -> 
  custom:container-demuxer-ogg: 62fdf1f143b41e24485cea50d1cbac27 -> 
  custom:video-decoder-webm-vp8: 9c59270c3fd7afecdb556c50c9e8de78 -> 
  custom:audio-decoder-ogg-vorbis: bf7c407c2cedff20999df2af8eb42d56 -> 
========================================================================
Received Import Request.
  Time since last request: 187.921814 seconds.
  path: Assets/First Words_V3/First Words/Audios/Audios/Birds/Pigeon.mp3
  artifactKey: Guid(9fbd87c5ccb790241af20879e60649d9) Importer(815301076,1909f56bfc062723c751e8b465ee728b)
Start importing Assets/First Words_V3/First Words/Audios/Audios/Birds/Pigeon.mp3 using Guid(9fbd87c5ccb790241af20879e60649d9) Importer(815301076,1909f56bfc062723c751e8b465ee728b)  -> (artifact id: 'cbf17bbc3fd032254197a5107e39b6f4') in 0.051156 seconds 
